{"C:\\Users\\chris\\Desktop\\dailychallenge\\backend\\ms-friends\\src\\app.service.ts": {"path":"C:\\Users\\chris\\Desktop\\dailychallenge\\backend\\ms-friends\\src\\app.service.ts","statementMap":{"0":{"start":{"line":1,"column":0},"end":{"line":1,"column":44}},"1":{"start":{"line":3,"column":1},"end":{"line":3,"column":null}},"2":{"start":{"line":6,"column":4},"end":{"line":6,"column":26}},"3":{"start":{"line":4,"column":0},"end":{"line":4,"column":13}},"4":{"start":{"line":4,"column":13},"end":{"line":4,"column":23}}},"fnMap":{"0":{"name":"(anonymous_6)","decl":{"start":{"line":5,"column":2},"end":{"line":5,"column":10}},"loc":{"start":{"line":5,"column":10},"end":{"line":7,"column":3}}}},"branchMap":{},"s":{"0":0,"1":0,"2":0,"3":0,"4":0},"f":{"0":0},"b":{}}
,"C:\\Users\\chris\\Desktop\\dailychallenge\\backend\\ms-friends\\src\\filters\\global-rpc-exception.filter.ts": {"path":"C:\\Users\\chris\\Desktop\\dailychallenge\\backend\\ms-friends\\src\\filters\\global-rpc-exception.filter.ts","statementMap":{"0":{"start":{"line":1,"column":0},"end":{"line":1,"column":null}},"1":{"start":{"line":11,"column":0},"end":{"line":11,"column":53}},"2":{"start":{"line":12,"column":0},"end":{"line":12,"column":34}},"3":{"start":{"line":14,"column":1},"end":{"line":14,"column":null}},"4":{"start":{"line":16,"column":21},"end":{"line":16,"column":72}},"5":{"start":{"line":26,"column":21},"end":{"line":26,"column":24}},"6":{"start":{"line":27,"column":22},"end":{"line":27,"column":40}},"7":{"start":{"line":29,"column":8},"end":{"line":38,"column":9}},"8":{"start":{"line":31,"column":12},"end":{"line":31,"column":53}},"9":{"start":{"line":34,"column":29},"end":{"line":34,"column":52}},"10":{"start":{"line":35,"column":12},"end":{"line":36,"column":78}},"11":{"start":{"line":37,"column":12},"end":{"line":37,"column":43}},"12":{"start":{"line":40,"column":8},"end":{"line":40,"column":62}},"13":{"start":{"line":41,"column":8},"end":{"line":43,"column":10}},"14":{"start":{"line":42,"column":18},"end":{"line":42,"column":67}},"15":{"start":{"line":15,"column":0},"end":{"line":15,"column":13}},"16":{"start":{"line":15,"column":13},"end":{"line":15,"column":37}}},"fnMap":{"0":{"name":"(anonymous_7)","decl":{"start":{"line":18,"column":4},"end":{"line":18,"column":9}},"loc":{"start":{"line":24,"column":27},"end":{"line":44,"column":5}}},"1":{"name":"(anonymous_8)","decl":{"start":{"line":42,"column":12},"end":{"line":42,"column":15}},"loc":{"start":{"line":42,"column":18},"end":{"line":42,"column":67}}}},"branchMap":{"0":{"loc":{"start":{"line":29,"column":8},"end":{"line":38,"column":9}},"type":"if","locations":[{"start":{"line":29,"column":8},"end":{"line":38,"column":9}},{"start":{"line":32,"column":15},"end":{"line":38,"column":9}}]},"1":{"loc":{"start":{"line":36,"column":16},"end":{"line":36,"column":77}},"type":"cond-expr","locations":[{"start":{"line":36,"column":47},"end":{"line":36,"column":55}},{"start":{"line":36,"column":58},"end":{"line":36,"column":77}}]}},"s":{"0":0,"1":0,"2":0,"3":0,"4":0,"5":0,"6":0,"7":0,"8":0,"9":0,"10":0,"11":0,"12":0,"13":0,"14":0,"15":0,"16":0},"f":{"0":0,"1":0},"b":{"0":[0,0],"1":[0,0]}}
,"C:\\Users\\chris\\Desktop\\dailychallenge\\backend\\ms-friends\\src\\filters\\prisma-rpc-exception.filter.ts": {"path":"C:\\Users\\chris\\Desktop\\dailychallenge\\backend\\ms-friends\\src\\filters\\prisma-rpc-exception.filter.ts","statementMap":{"0":{"start":{"line":1,"column":0},"end":{"line":1,"column":null}},"1":{"start":{"line":8,"column":0},"end":{"line":8,"column":53}},"2":{"start":{"line":9,"column":0},"end":{"line":9,"column":34}},"3":{"start":{"line":10,"column":0},"end":{"line":10,"column":34}},"4":{"start":{"line":12,"column":1},"end":{"line":12,"column":null}},"5":{"start":{"line":14,"column":21},"end":{"line":14,"column":72}},"6":{"start":{"line":20,"column":21},"end":{"line":20,"column":53}},"7":{"start":{"line":21,"column":22},"end":{"line":21,"column":49}},"8":{"start":{"line":24,"column":8},"end":{"line":48,"column":9}},"9":{"start":{"line":26,"column":12},"end":{"line":26,"column":44}},"10":{"start":{"line":27,"column":12},"end":{"line":27,"column":62}},"11":{"start":{"line":29,"column":12},"end":{"line":47,"column":13}},"12":{"start":{"line":31,"column":20},"end":{"line":31,"column":49}},"13":{"start":{"line":32,"column":20},"end":{"line":32,"column":55}},"14":{"start":{"line":33,"column":20},"end":{"line":33,"column":26}},"15":{"start":{"line":35,"column":20},"end":{"line":35,"column":50}},"16":{"start":{"line":36,"column":20},"end":{"line":36,"column":52}},"17":{"start":{"line":37,"column":20},"end":{"line":37,"column":26}},"18":{"start":{"line":39,"column":20},"end":{"line":39,"column":52}},"19":{"start":{"line":40,"column":20},"end":{"line":41,"column":101}},"20":{"start":{"line":42,"column":20},"end":{"line":42,"column":26}},"21":{"start":{"line":44,"column":20},"end":{"line":46,"column":22}},"22":{"start":{"line":50,"column":8},"end":{"line":50,"column":65}},"23":{"start":{"line":51,"column":8},"end":{"line":57,"column":10}},"24":{"start":{"line":53,"column":16},"end":{"line":56,"column":18}},"25":{"start":{"line":13,"column":0},"end":{"line":13,"column":13}},"26":{"start":{"line":13,"column":13},"end":{"line":13,"column":37}}},"fnMap":{"0":{"name":"(anonymous_7)","decl":{"start":{"line":16,"column":4},"end":{"line":16,"column":9}},"loc":{"start":{"line":18,"column":27},"end":{"line":58,"column":5}}},"1":{"name":"(anonymous_8)","decl":{"start":{"line":52,"column":12},"end":{"line":52,"column":15}},"loc":{"start":{"line":53,"column":16},"end":{"line":56,"column":18}}}},"branchMap":{"0":{"loc":{"start":{"line":24,"column":8},"end":{"line":48,"column":9}},"type":"if","locations":[{"start":{"line":24,"column":8},"end":{"line":48,"column":9}},{"start":{"line":28,"column":15},"end":{"line":48,"column":9}}]},"1":{"loc":{"start":{"line":29,"column":12},"end":{"line":47,"column":13}},"type":"switch","locations":[{"start":{"line":30,"column":16},"end":{"line":33,"column":26}},{"start":{"line":34,"column":16},"end":{"line":37,"column":26}},{"start":{"line":38,"column":16},"end":{"line":42,"column":26}},{"start":{"line":43,"column":16},"end":{"line":46,"column":22}}]}},"s":{"0":0,"1":0,"2":0,"3":0,"4":0,"5":0,"6":0,"7":0,"8":0,"9":0,"10":0,"11":0,"12":0,"13":0,"14":0,"15":0,"16":0,"17":0,"18":0,"19":0,"20":0,"21":0,"22":0,"23":0,"24":0,"25":0,"26":0},"f":{"0":0,"1":0},"b":{"0":[0,0],"1":[0,0,0,0]}}
,"C:\\Users\\chris\\Desktop\\dailychallenge\\backend\\ms-friends\\src\\friends\\friends.service.ts": {"path":"C:\\Users\\chris\\Desktop\\dailychallenge\\backend\\ms-friends\\src\\friends\\friends.service.ts","statementMap":{"0":{"start":{"line":2,"column":0},"end":{"line":2,"column":44}},"1":{"start":{"line":3,"column":0},"end":{"line":3,"column":53}},"2":{"start":{"line":4,"column":0},"end":{"line":4,"column":46}},"3":{"start":{"line":6,"column":1},"end":{"line":6,"column":null}},"4":{"start":{"line":9,"column":8},"end":{"line":15,"column":9}},"5":{"start":{"line":10,"column":12},"end":{"line":14,"column":15}},"6":{"start":{"line":17,"column":21},"end":{"line":17,"column":76}},"7":{"start":{"line":18,"column":23},"end":{"line":20,"column":10}},"8":{"start":{"line":22,"column":8},"end":{"line":28,"column":9}},"9":{"start":{"line":23,"column":12},"end":{"line":27,"column":15}},"10":{"start":{"line":30,"column":25},"end":{"line":37,"column":10}},"11":{"start":{"line":39,"column":8},"end":{"line":45,"column":9}},"12":{"start":{"line":40,"column":12},"end":{"line":44,"column":15}},"13":{"start":{"line":47,"column":30},"end":{"line":49,"column":10}},"14":{"start":{"line":51,"column":8},"end":{"line":54,"column":10}},"15":{"start":{"line":58,"column":24},"end":{"line":65,"column":10}},"16":{"start":{"line":67,"column":8},"end":{"line":73,"column":9}},"17":{"start":{"line":68,"column":12},"end":{"line":72,"column":15}},"18":{"start":{"line":75,"column":8},"end":{"line":75,"column":55}},"19":{"start":{"line":83,"column":30},"end":{"line":85,"column":10}},"20":{"start":{"line":87,"column":8},"end":{"line":93,"column":9}},"21":{"start":{"line":88,"column":12},"end":{"line":92,"column":15}},"22":{"start":{"line":95,"column":8},"end":{"line":101,"column":9}},"23":{"start":{"line":96,"column":12},"end":{"line":100,"column":15}},"24":{"start":{"line":103,"column":8},"end":{"line":109,"column":9}},"25":{"start":{"line":104,"column":12},"end":{"line":108,"column":15}},"26":{"start":{"line":111,"column":8},"end":{"line":135,"column":9}},"27":{"start":{"line":112,"column":28},"end":{"line":115,"column":14}},"28":{"start":{"line":117,"column":12},"end":{"line":120,"column":14}},"29":{"start":{"line":123,"column":28},"end":{"line":126,"column":14}},"30":{"start":{"line":128,"column":12},"end":{"line":130,"column":15}},"31":{"start":{"line":131,"column":12},"end":{"line":134,"column":14}},"32":{"start":{"line":139,"column":24},"end":{"line":154,"column":10}},"33":{"start":{"line":156,"column":8},"end":{"line":173,"column":12}},"34":{"start":{"line":156,"column":43},"end":{"line":173,"column":11}},"35":{"start":{"line":177,"column":33},"end":{"line":205,"column":10}},"36":{"start":{"line":207,"column":29},"end":{"line":235,"column":10}},"37":{"start":{"line":237,"column":8},"end":{"line":265,"column":10}},"38":{"start":{"line":238,"column":45},"end":{"line":250,"column":14}},"39":{"start":{"line":252,"column":53},"end":{"line":264,"column":14}},"40":{"start":{"line":7,"column":0},"end":{"line":7,"column":13}},"41":{"start":{"line":7,"column":13},"end":{"line":7,"column":27}}},"fnMap":{"0":{"name":"(anonymous_13)","decl":{"start":{"line":8,"column":10},"end":{"line":8,"column":19}},"loc":{"start":{"line":8,"column":52},"end":{"line":55,"column":null}}},"1":{"name":"(anonymous_15)","decl":{"start":{"line":57,"column":10},"end":{"line":57,"column":22}},"loc":{"start":{"line":57,"column":55},"end":{"line":76,"column":null}}},"2":{"name":"(anonymous_17)","decl":{"start":{"line":78,"column":10},"end":{"line":78,"column":30}},"loc":{"start":{"line":81,"column":23},"end":{"line":136,"column":null}}},"3":{"name":"(anonymous_19)","decl":{"start":{"line":138,"column":10},"end":{"line":138,"column":24}},"loc":{"start":{"line":138,"column":39},"end":{"line":174,"column":null}}},"4":{"name":"(anonymous_21)","decl":{"start":{"line":156,"column":27},"end":{"line":156,"column":28}},"loc":{"start":{"line":156,"column":42},"end":{"line":173,"column":11}}},"5":{"name":"(anonymous_22)","decl":{"start":{"line":176,"column":10},"end":{"line":176,"column":28}},"loc":{"start":{"line":176,"column":43},"end":{"line":266,"column":null}}},"6":{"name":"(anonymous_24)","decl":{"start":{"line":238,"column":35},"end":{"line":238,"column":36}},"loc":{"start":{"line":238,"column":45},"end":{"line":250,"column":14}}},"7":{"name":"(anonymous_25)","decl":{"start":{"line":252,"column":43},"end":{"line":252,"column":44}},"loc":{"start":{"line":252,"column":53},"end":{"line":264,"column":14}}}},"branchMap":{"0":{"loc":{"start":{"line":9,"column":8},"end":{"line":15,"column":9}},"type":"if","locations":[{"start":{"line":9,"column":8},"end":{"line":15,"column":9}}]},"1":{"loc":{"start":{"line":9,"column":12},"end":{"line":9,"column":55}},"type":"binary-expr","locations":[{"start":{"line":9,"column":12},"end":{"line":9,"column":19}},{"start":{"line":9,"column":23},"end":{"line":9,"column":32}},{"start":{"line":9,"column":36},"end":{"line":9,"column":55}}]},"2":{"loc":{"start":{"line":22,"column":8},"end":{"line":28,"column":9}},"type":"if","locations":[{"start":{"line":22,"column":8},"end":{"line":28,"column":9}}]},"3":{"loc":{"start":{"line":22,"column":12},"end":{"line":22,"column":28}},"type":"binary-expr","locations":[{"start":{"line":22,"column":12},"end":{"line":22,"column":17}},{"start":{"line":22,"column":21},"end":{"line":22,"column":28}}]},"4":{"loc":{"start":{"line":39,"column":8},"end":{"line":45,"column":9}},"type":"if","locations":[{"start":{"line":39,"column":8},"end":{"line":45,"column":9}}]},"5":{"loc":{"start":{"line":67,"column":8},"end":{"line":73,"column":9}},"type":"if","locations":[{"start":{"line":67,"column":8},"end":{"line":73,"column":9}}]},"6":{"loc":{"start":{"line":87,"column":8},"end":{"line":93,"column":9}},"type":"if","locations":[{"start":{"line":87,"column":8},"end":{"line":93,"column":9}}]},"7":{"loc":{"start":{"line":95,"column":8},"end":{"line":101,"column":9}},"type":"if","locations":[{"start":{"line":95,"column":8},"end":{"line":101,"column":9}}]},"8":{"loc":{"start":{"line":103,"column":8},"end":{"line":109,"column":9}},"type":"if","locations":[{"start":{"line":103,"column":8},"end":{"line":109,"column":9}}]},"9":{"loc":{"start":{"line":111,"column":8},"end":{"line":135,"column":9}},"type":"if","locations":[{"start":{"line":111,"column":8},"end":{"line":135,"column":9}},{"start":{"line":121,"column":15},"end":{"line":135,"column":9}}]},"10":{"loc":{"start":{"line":118,"column":25},"end":{"line":118,"column":70}},"type":"cond-expr","locations":[{"start":{"line":118,"column":34},"end":{"line":118,"column":49}},{"start":{"line":118,"column":52},"end":{"line":118,"column":70}}]},"11":{"loc":{"start":{"line":158,"column":16},"end":{"line":160,"column":40}},"type":"cond-expr","locations":[{"start":{"line":159,"column":22},"end":{"line":159,"column":42}},{"start":{"line":160,"column":22},"end":{"line":160,"column":40}}]},"12":{"loc":{"start":{"line":162,"column":16},"end":{"line":164,"column":44}},"type":"cond-expr","locations":[{"start":{"line":163,"column":22},"end":{"line":163,"column":46}},{"start":{"line":164,"column":22},"end":{"line":164,"column":44}}]},"13":{"loc":{"start":{"line":166,"column":16},"end":{"line":168,"column":54}},"type":"cond-expr","locations":[{"start":{"line":167,"column":22},"end":{"line":167,"column":56}},{"start":{"line":168,"column":22},"end":{"line":168,"column":54}}]},"14":{"loc":{"start":{"line":170,"column":16},"end":{"line":172,"column":57}},"type":"cond-expr","locations":[{"start":{"line":171,"column":22},"end":{"line":171,"column":59}},{"start":{"line":172,"column":22},"end":{"line":172,"column":57}}]},"15":{"loc":{"start":{"line":171,"column":22},"end":{"line":171,"column":59}},"type":"binary-expr","locations":[{"start":{"line":171,"column":22},"end":{"line":171,"column":51}},{"start":{"line":171,"column":55},"end":{"line":171,"column":59}}]},"16":{"loc":{"start":{"line":171,"column":22},"end":{"line":171,"column":51}},"type":"cond-expr","locations":[{"start":{"line":171,"column":46},"end":{"line":171,"column":48}},{"start":{"line":171,"column":46},"end":{"line":171,"column":51}}]},"17":{"loc":{"start":{"line":171,"column":22},"end":{"line":171,"column":48}},"type":"binary-expr","locations":[{"start":{"line":171,"column":22},"end":{"line":171,"column":48}},{"start":{"line":171,"column":46},"end":{"line":171,"column":48}}]},"18":{"loc":{"start":{"line":172,"column":22},"end":{"line":172,"column":57}},"type":"binary-expr","locations":[{"start":{"line":172,"column":22},"end":{"line":172,"column":49}},{"start":{"line":172,"column":53},"end":{"line":172,"column":57}}]},"19":{"loc":{"start":{"line":172,"column":22},"end":{"line":172,"column":49}},"type":"cond-expr","locations":[{"start":{"line":172,"column":44},"end":{"line":172,"column":46}},{"start":{"line":172,"column":44},"end":{"line":172,"column":49}}]},"20":{"loc":{"start":{"line":172,"column":22},"end":{"line":172,"column":46}},"type":"binary-expr","locations":[{"start":{"line":172,"column":22},"end":{"line":172,"column":46}},{"start":{"line":172,"column":44},"end":{"line":172,"column":46}}]},"21":{"loc":{"start":{"line":248,"column":31},"end":{"line":248,"column":79}},"type":"cond-expr","locations":[{"start":{"line":248,"column":51},"end":{"line":248,"column":72}},{"start":{"line":248,"column":75},"end":{"line":248,"column":79}}]},"22":{"loc":{"start":{"line":262,"column":31},"end":{"line":262,"column":75}},"type":"cond-expr","locations":[{"start":{"line":262,"column":49},"end":{"line":262,"column":68}},{"start":{"line":262,"column":71},"end":{"line":262,"column":75}}]}},"s":{"0":1,"1":1,"2":1,"3":1,"4":4,"5":1,"6":3,"7":3,"8":3,"9":1,"10":2,"11":2,"12":1,"13":1,"14":1,"15":2,"16":2,"17":1,"18":1,"19":3,"20":3,"21":1,"22":2,"23":0,"24":2,"25":0,"26":2,"27":1,"28":1,"29":1,"30":1,"31":1,"32":1,"33":1,"34":1,"35":1,"36":1,"37":1,"38":1,"39":1,"40":1,"41":2},"f":{"0":4,"1":2,"2":3,"3":1,"4":1,"5":1,"6":1,"7":1},"b":{"0":[1],"1":[4,4,4],"2":[1],"3":[3,2],"4":[1],"5":[1],"6":[1],"7":[0],"8":[0],"9":[1,1],"10":[1,0],"11":[1,0],"12":[1,0],"13":[1,0],"14":[1,0],"15":[1,0],"16":[0,1],"17":[1,1],"18":[0,0],"19":[0,0],"20":[0,0],"21":[1,0],"22":[1,0]}}
,"C:\\Users\\chris\\Desktop\\dailychallenge\\backend\\ms-friends\\src\\prisma\\prisma.service.ts": {"path":"C:\\Users\\chris\\Desktop\\dailychallenge\\backend\\ms-friends\\src\\prisma\\prisma.service.ts","statementMap":{"0":{"start":{"line":1,"column":0},"end":{"line":1,"column":40}},"1":{"start":{"line":3,"column":24},"end":{"line":3,"column":null}},"2":{"start":{"line":8,"column":4},"end":{"line":14,"column":6}},"3":{"start":{"line":16,"column":0},"end":{"line":16,"column":76}},"4":{"start":{"line":16,"column":44},"end":{"line":16,"column":76}},"5":{"start":{"line":18,"column":0},"end":{"line":18,"column":22}}},"fnMap":{},"branchMap":{"0":{"loc":{"start":{"line":8,"column":4},"end":{"line":14,"column":6}},"type":"cond-expr","locations":[{"start":{"line":8,"column":26},"end":{"line":8,"column":null}},{"start":{"line":9,"column":4},"end":{"line":14,"column":6}}]},"1":{"loc":{"start":{"line":8,"column":4},"end":{"line":8,"column":null}},"type":"binary-expr","locations":[{"start":{"line":8,"column":4},"end":{"line":8,"column":null}},{"start":{"line":8,"column":26},"end":{"line":8,"column":null}}]},"2":{"loc":{"start":{"line":11,"column":12},"end":{"line":13,"column":20}},"type":"cond-expr","locations":[{"start":{"line":12,"column":18},"end":{"line":12,"column":44}},{"start":{"line":13,"column":18},"end":{"line":13,"column":20}}]},"3":{"loc":{"start":{"line":16,"column":0},"end":{"line":16,"column":76}},"type":"if","locations":[{"start":{"line":16,"column":0},"end":{"line":16,"column":76}}]}},"s":{"0":0,"1":0,"2":0,"3":0,"4":0,"5":0},"f":{},"b":{"0":[0,0],"1":[0,0],"2":[0,0],"3":[0]}}
,"C:\\Users\\chris\\Desktop\\dailychallenge\\backend\\ms-friends\\src\\utils\\error.utils.ts": {"path":"C:\\Users\\chris\\Desktop\\dailychallenge\\backend\\ms-friends\\src\\utils\\error.utils.ts","statementMap":{"0":{"start":{"line":3,"column":0},"end":{"line":3,"column":16}},"1":{"start":{"line":1,"column":0},"end":{"line":1,"column":53}},"2":{"start":{"line":4,"column":4},"end":{"line":4,"column":52}}},"fnMap":{"0":{"name":"handleRpcError","decl":{"start":{"line":3,"column":16},"end":{"line":3,"column":30}},"loc":{"start":{"line":3,"column":66},"end":{"line":5,"column":1}}}},"branchMap":{},"s":{"0":0,"1":0,"2":0},"f":{"0":0},"b":{}}
,"C:\\Users\\chris\\Desktop\\dailychallenge\\backend\\ms-game-cinema-1\\src\\admin\\admin.service.ts": {"path":"C:\\Users\\chris\\Desktop\\dailychallenge\\backend\\ms-game-cinema-1\\src\\admin\\admin.service.ts","statementMap":{"0":{"start":{"line":1,"column":0},"end":{"line":1,"column":44}},"1":{"start":{"line":2,"column":0},"end":{"line":2,"column":46}},"2":{"start":{"line":4,"column":16},"end":{"line":4,"column":17}},"3":{"start":{"line":6,"column":1},"end":{"line":6,"column":null}},"4":{"start":{"line":10,"column":22},"end":{"line":10,"column":41}},"5":{"start":{"line":11,"column":20},"end":{"line":11,"column":37}},"6":{"start":{"line":12,"column":24},"end":{"line":12,"column":39}},"7":{"start":{"line":14,"column":8},"end":{"line":17,"column":9}},"8":{"start":{"line":15,"column":12},"end":{"line":15,"column":78}},"9":{"start":{"line":16,"column":12},"end":{"line":16,"column":51}},"10":{"start":{"line":19,"column":8},"end":{"line":19,"column":76}},"11":{"start":{"line":24,"column":22},"end":{"line":24,"column":45}},"12":{"start":{"line":25,"column":20},"end":{"line":25,"column":35}},"13":{"start":{"line":26,"column":8},"end":{"line":26,"column":46}},"14":{"start":{"line":28,"column":29},"end":{"line":36,"column":10}},"15":{"start":{"line":38,"column":30},"end":{"line":39,"column":null}},"16":{"start":{"line":39,"column":19},"end":{"line":39,"column":53}},"17":{"start":{"line":41,"column":25},"end":{"line":46,"column":null}},"18":{"start":{"line":44,"column":16},"end":{"line":46,"column":34}},"19":{"start":{"line":49,"column":8},"end":{"line":52,"column":10}},"20":{"start":{"line":51,"column":48},"end":{"line":51,"column":74}},"21":{"start":{"line":58,"column":8},"end":{"line":60,"column":11}},"22":{"start":{"line":63,"column":29},"end":{"line":67,"column":10}},"23":{"start":{"line":68,"column":29},"end":{"line":68,"column":63}},"24":{"start":{"line":68,"column":53},"end":{"line":68,"column":62}},"25":{"start":{"line":71,"column":32},"end":{"line":78,"column":10}},"26":{"start":{"line":80,"column":8},"end":{"line":82,"column":9}},"27":{"start":{"line":81,"column":12},"end":{"line":81,"column":64}},"28":{"start":{"line":85,"column":12},"end":{"line":85,"column":79}},"29":{"start":{"line":87,"column":8},"end":{"line":87,"column":61}},"30":{"start":{"line":88,"column":8},"end":{"line":88,"column":44}},"31":{"start":{"line":89,"column":8},"end":{"line":94,"column":11}},"32":{"start":{"line":96,"column":8},"end":{"line":96,"column":75}},"33":{"start":{"line":100,"column":8},"end":{"line":103,"column":11}},"34":{"start":{"line":105,"column":8},"end":{"line":105,"column":67}},"35":{"start":{"line":7,"column":0},"end":{"line":7,"column":13}},"36":{"start":{"line":7,"column":13},"end":{"line":7,"column":25}}},"fnMap":{"0":{"name":"(anonymous_13)","decl":{"start":{"line":9,"column":10},"end":{"line":9,"column":26}},"loc":{"start":{"line":9,"column":61},"end":{"line":20,"column":null}}},"1":{"name":"(anonymous_15)","decl":{"start":{"line":23,"column":10},"end":{"line":23,"column":27}},"loc":{"start":{"line":23,"column":41},"end":{"line":53,"column":null}}},"2":{"name":"(anonymous_17)","decl":{"start":{"line":39,"column":12},"end":{"line":39,"column":13}},"loc":{"start":{"line":39,"column":19},"end":{"line":39,"column":53}}},"3":{"name":"(anonymous_18)","decl":{"start":{"line":43,"column":12},"end":{"line":43,"column":13}},"loc":{"start":{"line":44,"column":16},"end":{"line":46,"column":34}}},"4":{"name":"(anonymous_19)","decl":{"start":{"line":51,"column":41},"end":{"line":51,"column":42}},"loc":{"start":{"line":51,"column":48},"end":{"line":51,"column":74}}},"5":{"name":"(anonymous_20)","decl":{"start":{"line":56,"column":10},"end":{"line":56,"column":27}},"loc":{"start":{"line":56,"column":40},"end":{"line":97,"column":null}}},"6":{"name":"(anonymous_22)","decl":{"start":{"line":68,"column":46},"end":{"line":68,"column":47}},"loc":{"start":{"line":68,"column":53},"end":{"line":68,"column":62}}},"7":{"name":"(anonymous_23)","decl":{"start":{"line":99,"column":10},"end":{"line":99,"column":26}},"loc":{"start":{"line":99,"column":41},"end":{"line":106,"column":null}}}},"branchMap":{"0":{"loc":{"start":{"line":80,"column":8},"end":{"line":82,"column":9}},"type":"if","locations":[{"start":{"line":80,"column":8},"end":{"line":82,"column":9}}]}},"s":{"0":1,"1":1,"2":1,"3":1,"4":1,"5":1,"6":1,"7":1,"8":3,"9":3,"10":1,"11":1,"12":1,"13":1,"14":1,"15":1,"16":2,"17":1,"18":31,"19":1,"20":31,"21":2,"22":2,"23":2,"24":2,"25":2,"26":2,"27":1,"28":1,"29":1,"30":1,"31":1,"32":1,"33":0,"34":0,"35":1,"36":2},"f":{"0":1,"1":1,"2":2,"3":31,"4":31,"5":2,"6":2,"7":0},"b":{"0":[1]}}
,"C:\\Users\\chris\\Desktop\\dailychallenge\\backend\\ms-game-cinema-1\\src\\filters\\global-rpc-exception.filter.ts": {"path":"C:\\Users\\chris\\Desktop\\dailychallenge\\backend\\ms-game-cinema-1\\src\\filters\\global-rpc-exception.filter.ts","statementMap":{"0":{"start":{"line":1,"column":0},"end":{"line":1,"column":null}},"1":{"start":{"line":11,"column":0},"end":{"line":11,"column":53}},"2":{"start":{"line":12,"column":0},"end":{"line":12,"column":34}},"3":{"start":{"line":14,"column":1},"end":{"line":14,"column":null}},"4":{"start":{"line":16,"column":21},"end":{"line":16,"column":72}},"5":{"start":{"line":26,"column":21},"end":{"line":26,"column":24}},"6":{"start":{"line":27,"column":22},"end":{"line":27,"column":40}},"7":{"start":{"line":29,"column":8},"end":{"line":38,"column":9}},"8":{"start":{"line":31,"column":12},"end":{"line":31,"column":53}},"9":{"start":{"line":34,"column":29},"end":{"line":34,"column":52}},"10":{"start":{"line":35,"column":12},"end":{"line":36,"column":78}},"11":{"start":{"line":37,"column":12},"end":{"line":37,"column":43}},"12":{"start":{"line":40,"column":8},"end":{"line":40,"column":62}},"13":{"start":{"line":41,"column":8},"end":{"line":43,"column":10}},"14":{"start":{"line":42,"column":18},"end":{"line":42,"column":67}},"15":{"start":{"line":15,"column":0},"end":{"line":15,"column":13}},"16":{"start":{"line":15,"column":13},"end":{"line":15,"column":37}}},"fnMap":{"0":{"name":"(anonymous_7)","decl":{"start":{"line":18,"column":4},"end":{"line":18,"column":9}},"loc":{"start":{"line":24,"column":27},"end":{"line":44,"column":5}}},"1":{"name":"(anonymous_8)","decl":{"start":{"line":42,"column":12},"end":{"line":42,"column":15}},"loc":{"start":{"line":42,"column":18},"end":{"line":42,"column":67}}}},"branchMap":{"0":{"loc":{"start":{"line":29,"column":8},"end":{"line":38,"column":9}},"type":"if","locations":[{"start":{"line":29,"column":8},"end":{"line":38,"column":9}},{"start":{"line":32,"column":15},"end":{"line":38,"column":9}}]},"1":{"loc":{"start":{"line":36,"column":16},"end":{"line":36,"column":77}},"type":"cond-expr","locations":[{"start":{"line":36,"column":47},"end":{"line":36,"column":55}},{"start":{"line":36,"column":58},"end":{"line":36,"column":77}}]}},"s":{"0":0,"1":0,"2":0,"3":0,"4":0,"5":0,"6":0,"7":0,"8":0,"9":0,"10":0,"11":0,"12":0,"13":0,"14":0,"15":0,"16":0},"f":{"0":0,"1":0},"b":{"0":[0,0],"1":[0,0]}}
,"C:\\Users\\chris\\Desktop\\dailychallenge\\backend\\ms-game-cinema-1\\src\\filters\\prisma-rpc-exception.filter.ts": {"path":"C:\\Users\\chris\\Desktop\\dailychallenge\\backend\\ms-game-cinema-1\\src\\filters\\prisma-rpc-exception.filter.ts","statementMap":{"0":{"start":{"line":1,"column":0},"end":{"line":1,"column":null}},"1":{"start":{"line":8,"column":0},"end":{"line":8,"column":53}},"2":{"start":{"line":9,"column":0},"end":{"line":9,"column":34}},"3":{"start":{"line":10,"column":0},"end":{"line":10,"column":34}},"4":{"start":{"line":12,"column":1},"end":{"line":12,"column":null}},"5":{"start":{"line":14,"column":21},"end":{"line":14,"column":72}},"6":{"start":{"line":20,"column":21},"end":{"line":20,"column":53}},"7":{"start":{"line":21,"column":22},"end":{"line":21,"column":49}},"8":{"start":{"line":23,"column":8},"end":{"line":23,"column":80}},"9":{"start":{"line":26,"column":8},"end":{"line":50,"column":9}},"10":{"start":{"line":28,"column":12},"end":{"line":28,"column":44}},"11":{"start":{"line":29,"column":12},"end":{"line":29,"column":62}},"12":{"start":{"line":31,"column":12},"end":{"line":49,"column":13}},"13":{"start":{"line":33,"column":20},"end":{"line":33,"column":49}},"14":{"start":{"line":34,"column":20},"end":{"line":34,"column":55}},"15":{"start":{"line":35,"column":20},"end":{"line":35,"column":26}},"16":{"start":{"line":37,"column":20},"end":{"line":37,"column":50}},"17":{"start":{"line":38,"column":20},"end":{"line":38,"column":52}},"18":{"start":{"line":39,"column":20},"end":{"line":39,"column":26}},"19":{"start":{"line":41,"column":20},"end":{"line":41,"column":52}},"20":{"start":{"line":42,"column":20},"end":{"line":43,"column":101}},"21":{"start":{"line":44,"column":20},"end":{"line":44,"column":26}},"22":{"start":{"line":46,"column":20},"end":{"line":48,"column":22}},"23":{"start":{"line":52,"column":8},"end":{"line":52,"column":65}},"24":{"start":{"line":53,"column":8},"end":{"line":59,"column":10}},"25":{"start":{"line":55,"column":16},"end":{"line":58,"column":18}},"26":{"start":{"line":13,"column":0},"end":{"line":13,"column":13}},"27":{"start":{"line":13,"column":13},"end":{"line":13,"column":37}}},"fnMap":{"0":{"name":"(anonymous_7)","decl":{"start":{"line":16,"column":4},"end":{"line":16,"column":9}},"loc":{"start":{"line":18,"column":27},"end":{"line":60,"column":5}}},"1":{"name":"(anonymous_8)","decl":{"start":{"line":54,"column":12},"end":{"line":54,"column":15}},"loc":{"start":{"line":55,"column":16},"end":{"line":58,"column":18}}}},"branchMap":{"0":{"loc":{"start":{"line":26,"column":8},"end":{"line":50,"column":9}},"type":"if","locations":[{"start":{"line":26,"column":8},"end":{"line":50,"column":9}},{"start":{"line":30,"column":15},"end":{"line":50,"column":9}}]},"1":{"loc":{"start":{"line":31,"column":12},"end":{"line":49,"column":13}},"type":"switch","locations":[{"start":{"line":32,"column":16},"end":{"line":35,"column":26}},{"start":{"line":36,"column":16},"end":{"line":39,"column":26}},{"start":{"line":40,"column":16},"end":{"line":44,"column":26}},{"start":{"line":45,"column":16},"end":{"line":48,"column":22}}]}},"s":{"0":0,"1":0,"2":0,"3":0,"4":0,"5":0,"6":0,"7":0,"8":0,"9":0,"10":0,"11":0,"12":0,"13":0,"14":0,"15":0,"16":0,"17":0,"18":0,"19":0,"20":0,"21":0,"22":0,"23":0,"24":0,"25":0,"26":0,"27":0},"f":{"0":0,"1":0},"b":{"0":[0,0],"1":[0,0,0,0]}}
,"C:\\Users\\chris\\Desktop\\dailychallenge\\backend\\ms-game-cinema-1\\src\\prisma\\prisma.service.ts": {"path":"C:\\Users\\chris\\Desktop\\dailychallenge\\backend\\ms-game-cinema-1\\src\\prisma\\prisma.service.ts","statementMap":{"0":{"start":{"line":1,"column":0},"end":{"line":1,"column":40}},"1":{"start":{"line":3,"column":24},"end":{"line":3,"column":null}},"2":{"start":{"line":8,"column":4},"end":{"line":14,"column":6}},"3":{"start":{"line":16,"column":0},"end":{"line":16,"column":76}},"4":{"start":{"line":16,"column":44},"end":{"line":16,"column":76}},"5":{"start":{"line":18,"column":0},"end":{"line":18,"column":22}}},"fnMap":{},"branchMap":{"0":{"loc":{"start":{"line":8,"column":4},"end":{"line":14,"column":6}},"type":"cond-expr","locations":[{"start":{"line":8,"column":26},"end":{"line":8,"column":null}},{"start":{"line":9,"column":4},"end":{"line":14,"column":6}}]},"1":{"loc":{"start":{"line":8,"column":4},"end":{"line":8,"column":null}},"type":"binary-expr","locations":[{"start":{"line":8,"column":4},"end":{"line":8,"column":null}},{"start":{"line":8,"column":26},"end":{"line":8,"column":null}}]},"2":{"loc":{"start":{"line":11,"column":12},"end":{"line":13,"column":20}},"type":"cond-expr","locations":[{"start":{"line":12,"column":18},"end":{"line":12,"column":44}},{"start":{"line":13,"column":18},"end":{"line":13,"column":20}}]},"3":{"loc":{"start":{"line":16,"column":0},"end":{"line":16,"column":76}},"type":"if","locations":[{"start":{"line":16,"column":0},"end":{"line":16,"column":76}}]}},"s":{"0":0,"1":0,"2":0,"3":0,"4":0,"5":0},"f":{},"b":{"0":[0,0],"1":[0,0],"2":[0,0],"3":[0]}}
,"C:\\Users\\chris\\Desktop\\dailychallenge\\backend\\ms-game-cinema-1\\src\\utils\\error.utils.ts": {"path":"C:\\Users\\chris\\Desktop\\dailychallenge\\backend\\ms-game-cinema-1\\src\\utils\\error.utils.ts","statementMap":{"0":{"start":{"line":3,"column":0},"end":{"line":3,"column":16}},"1":{"start":{"line":1,"column":0},"end":{"line":1,"column":53}},"2":{"start":{"line":4,"column":4},"end":{"line":4,"column":52}}},"fnMap":{"0":{"name":"handleRpcError","decl":{"start":{"line":3,"column":16},"end":{"line":3,"column":30}},"loc":{"start":{"line":3,"column":66},"end":{"line":5,"column":1}}}},"branchMap":{},"s":{"0":0,"1":0,"2":0},"f":{"0":0},"b":{}}
,"C:\\Users\\chris\\Desktop\\dailychallenge\\backend\\ms-game-cinema-2\\src\\admin\\admin.service.ts": {"path":"C:\\Users\\chris\\Desktop\\dailychallenge\\backend\\ms-game-cinema-2\\src\\admin\\admin.service.ts","statementMap":{"0":{"start":{"line":1,"column":0},"end":{"line":1,"column":44}},"1":{"start":{"line":2,"column":0},"end":{"line":2,"column":46}},"2":{"start":{"line":4,"column":16},"end":{"line":4,"column":17}},"3":{"start":{"line":6,"column":1},"end":{"line":6,"column":null}},"4":{"start":{"line":10,"column":22},"end":{"line":10,"column":41}},"5":{"start":{"line":11,"column":20},"end":{"line":11,"column":37}},"6":{"start":{"line":12,"column":24},"end":{"line":12,"column":39}},"7":{"start":{"line":14,"column":8},"end":{"line":17,"column":9}},"8":{"start":{"line":15,"column":12},"end":{"line":15,"column":78}},"9":{"start":{"line":16,"column":12},"end":{"line":16,"column":51}},"10":{"start":{"line":19,"column":8},"end":{"line":19,"column":76}},"11":{"start":{"line":24,"column":22},"end":{"line":24,"column":45}},"12":{"start":{"line":25,"column":20},"end":{"line":25,"column":35}},"13":{"start":{"line":26,"column":8},"end":{"line":26,"column":46}},"14":{"start":{"line":28,"column":29},"end":{"line":36,"column":10}},"15":{"start":{"line":38,"column":30},"end":{"line":39,"column":null}},"16":{"start":{"line":39,"column":19},"end":{"line":39,"column":53}},"17":{"start":{"line":41,"column":25},"end":{"line":46,"column":null}},"18":{"start":{"line":44,"column":16},"end":{"line":46,"column":34}},"19":{"start":{"line":49,"column":8},"end":{"line":52,"column":10}},"20":{"start":{"line":51,"column":48},"end":{"line":51,"column":74}},"21":{"start":{"line":58,"column":8},"end":{"line":60,"column":11}},"22":{"start":{"line":63,"column":29},"end":{"line":67,"column":10}},"23":{"start":{"line":69,"column":29},"end":{"line":69,"column":63}},"24":{"start":{"line":69,"column":53},"end":{"line":69,"column":62}},"25":{"start":{"line":72,"column":32},"end":{"line":88,"column":10}},"26":{"start":{"line":90,"column":8},"end":{"line":92,"column":9}},"27":{"start":{"line":91,"column":12},"end":{"line":91,"column":64}},"28":{"start":{"line":95,"column":12},"end":{"line":95,"column":79}},"29":{"start":{"line":97,"column":8},"end":{"line":102,"column":11}},"30":{"start":{"line":104,"column":8},"end":{"line":104,"column":75}},"31":{"start":{"line":108,"column":8},"end":{"line":111,"column":11}},"32":{"start":{"line":113,"column":8},"end":{"line":113,"column":67}},"33":{"start":{"line":7,"column":0},"end":{"line":7,"column":13}},"34":{"start":{"line":7,"column":13},"end":{"line":7,"column":25}}},"fnMap":{"0":{"name":"(anonymous_13)","decl":{"start":{"line":9,"column":10},"end":{"line":9,"column":26}},"loc":{"start":{"line":9,"column":61},"end":{"line":20,"column":null}}},"1":{"name":"(anonymous_15)","decl":{"start":{"line":23,"column":10},"end":{"line":23,"column":27}},"loc":{"start":{"line":23,"column":41},"end":{"line":53,"column":null}}},"2":{"name":"(anonymous_17)","decl":{"start":{"line":39,"column":12},"end":{"line":39,"column":13}},"loc":{"start":{"line":39,"column":19},"end":{"line":39,"column":53}}},"3":{"name":"(anonymous_18)","decl":{"start":{"line":43,"column":12},"end":{"line":43,"column":13}},"loc":{"start":{"line":44,"column":16},"end":{"line":46,"column":34}}},"4":{"name":"(anonymous_19)","decl":{"start":{"line":51,"column":41},"end":{"line":51,"column":42}},"loc":{"start":{"line":51,"column":48},"end":{"line":51,"column":74}}},"5":{"name":"(anonymous_20)","decl":{"start":{"line":56,"column":10},"end":{"line":56,"column":27}},"loc":{"start":{"line":56,"column":40},"end":{"line":105,"column":null}}},"6":{"name":"(anonymous_22)","decl":{"start":{"line":69,"column":46},"end":{"line":69,"column":47}},"loc":{"start":{"line":69,"column":53},"end":{"line":69,"column":62}}},"7":{"name":"(anonymous_23)","decl":{"start":{"line":107,"column":10},"end":{"line":107,"column":26}},"loc":{"start":{"line":107,"column":41},"end":{"line":114,"column":null}}}},"branchMap":{"0":{"loc":{"start":{"line":90,"column":8},"end":{"line":92,"column":9}},"type":"if","locations":[{"start":{"line":90,"column":8},"end":{"line":92,"column":9}}]}},"s":{"0":1,"1":1,"2":1,"3":1,"4":1,"5":1,"6":1,"7":1,"8":3,"9":3,"10":1,"11":1,"12":1,"13":1,"14":1,"15":1,"16":2,"17":1,"18":31,"19":1,"20":31,"21":2,"22":2,"23":2,"24":2,"25":2,"26":2,"27":1,"28":1,"29":1,"30":1,"31":0,"32":0,"33":1,"34":2},"f":{"0":1,"1":1,"2":2,"3":31,"4":31,"5":2,"6":2,"7":0},"b":{"0":[1]}}
,"C:\\Users\\chris\\Desktop\\dailychallenge\\backend\\ms-game-cinema-2\\src\\filters\\global-rpc-exception.filter.ts": {"path":"C:\\Users\\chris\\Desktop\\dailychallenge\\backend\\ms-game-cinema-2\\src\\filters\\global-rpc-exception.filter.ts","statementMap":{"0":{"start":{"line":1,"column":0},"end":{"line":1,"column":null}},"1":{"start":{"line":11,"column":0},"end":{"line":11,"column":53}},"2":{"start":{"line":12,"column":0},"end":{"line":12,"column":34}},"3":{"start":{"line":14,"column":1},"end":{"line":14,"column":null}},"4":{"start":{"line":16,"column":21},"end":{"line":16,"column":72}},"5":{"start":{"line":26,"column":21},"end":{"line":26,"column":24}},"6":{"start":{"line":27,"column":22},"end":{"line":27,"column":40}},"7":{"start":{"line":29,"column":8},"end":{"line":38,"column":9}},"8":{"start":{"line":31,"column":12},"end":{"line":31,"column":53}},"9":{"start":{"line":34,"column":29},"end":{"line":34,"column":52}},"10":{"start":{"line":35,"column":12},"end":{"line":36,"column":78}},"11":{"start":{"line":37,"column":12},"end":{"line":37,"column":43}},"12":{"start":{"line":40,"column":8},"end":{"line":40,"column":62}},"13":{"start":{"line":41,"column":8},"end":{"line":43,"column":10}},"14":{"start":{"line":42,"column":18},"end":{"line":42,"column":67}},"15":{"start":{"line":15,"column":0},"end":{"line":15,"column":13}},"16":{"start":{"line":15,"column":13},"end":{"line":15,"column":37}}},"fnMap":{"0":{"name":"(anonymous_7)","decl":{"start":{"line":18,"column":4},"end":{"line":18,"column":9}},"loc":{"start":{"line":24,"column":27},"end":{"line":44,"column":5}}},"1":{"name":"(anonymous_8)","decl":{"start":{"line":42,"column":12},"end":{"line":42,"column":15}},"loc":{"start":{"line":42,"column":18},"end":{"line":42,"column":67}}}},"branchMap":{"0":{"loc":{"start":{"line":29,"column":8},"end":{"line":38,"column":9}},"type":"if","locations":[{"start":{"line":29,"column":8},"end":{"line":38,"column":9}},{"start":{"line":32,"column":15},"end":{"line":38,"column":9}}]},"1":{"loc":{"start":{"line":36,"column":16},"end":{"line":36,"column":77}},"type":"cond-expr","locations":[{"start":{"line":36,"column":47},"end":{"line":36,"column":55}},{"start":{"line":36,"column":58},"end":{"line":36,"column":77}}]}},"s":{"0":0,"1":0,"2":0,"3":0,"4":0,"5":0,"6":0,"7":0,"8":0,"9":0,"10":0,"11":0,"12":0,"13":0,"14":0,"15":0,"16":0},"f":{"0":0,"1":0},"b":{"0":[0,0],"1":[0,0]}}
,"C:\\Users\\chris\\Desktop\\dailychallenge\\backend\\ms-game-cinema-2\\src\\filters\\prisma-rpc-exception.filter.ts": {"path":"C:\\Users\\chris\\Desktop\\dailychallenge\\backend\\ms-game-cinema-2\\src\\filters\\prisma-rpc-exception.filter.ts","statementMap":{"0":{"start":{"line":1,"column":0},"end":{"line":1,"column":null}},"1":{"start":{"line":8,"column":0},"end":{"line":8,"column":53}},"2":{"start":{"line":9,"column":0},"end":{"line":9,"column":34}},"3":{"start":{"line":10,"column":0},"end":{"line":10,"column":34}},"4":{"start":{"line":12,"column":1},"end":{"line":12,"column":null}},"5":{"start":{"line":14,"column":21},"end":{"line":14,"column":72}},"6":{"start":{"line":20,"column":21},"end":{"line":20,"column":53}},"7":{"start":{"line":21,"column":22},"end":{"line":21,"column":49}},"8":{"start":{"line":24,"column":8},"end":{"line":48,"column":9}},"9":{"start":{"line":26,"column":12},"end":{"line":26,"column":44}},"10":{"start":{"line":27,"column":12},"end":{"line":27,"column":62}},"11":{"start":{"line":29,"column":12},"end":{"line":47,"column":13}},"12":{"start":{"line":31,"column":20},"end":{"line":31,"column":49}},"13":{"start":{"line":32,"column":20},"end":{"line":32,"column":55}},"14":{"start":{"line":33,"column":20},"end":{"line":33,"column":26}},"15":{"start":{"line":35,"column":20},"end":{"line":35,"column":50}},"16":{"start":{"line":36,"column":20},"end":{"line":36,"column":52}},"17":{"start":{"line":37,"column":20},"end":{"line":37,"column":26}},"18":{"start":{"line":39,"column":20},"end":{"line":39,"column":52}},"19":{"start":{"line":40,"column":20},"end":{"line":41,"column":101}},"20":{"start":{"line":42,"column":20},"end":{"line":42,"column":26}},"21":{"start":{"line":44,"column":20},"end":{"line":46,"column":22}},"22":{"start":{"line":50,"column":8},"end":{"line":50,"column":65}},"23":{"start":{"line":51,"column":8},"end":{"line":57,"column":10}},"24":{"start":{"line":53,"column":16},"end":{"line":56,"column":18}},"25":{"start":{"line":13,"column":0},"end":{"line":13,"column":13}},"26":{"start":{"line":13,"column":13},"end":{"line":13,"column":37}}},"fnMap":{"0":{"name":"(anonymous_7)","decl":{"start":{"line":16,"column":4},"end":{"line":16,"column":9}},"loc":{"start":{"line":18,"column":27},"end":{"line":58,"column":5}}},"1":{"name":"(anonymous_8)","decl":{"start":{"line":52,"column":12},"end":{"line":52,"column":15}},"loc":{"start":{"line":53,"column":16},"end":{"line":56,"column":18}}}},"branchMap":{"0":{"loc":{"start":{"line":24,"column":8},"end":{"line":48,"column":9}},"type":"if","locations":[{"start":{"line":24,"column":8},"end":{"line":48,"column":9}},{"start":{"line":28,"column":15},"end":{"line":48,"column":9}}]},"1":{"loc":{"start":{"line":29,"column":12},"end":{"line":47,"column":13}},"type":"switch","locations":[{"start":{"line":30,"column":16},"end":{"line":33,"column":26}},{"start":{"line":34,"column":16},"end":{"line":37,"column":26}},{"start":{"line":38,"column":16},"end":{"line":42,"column":26}},{"start":{"line":43,"column":16},"end":{"line":46,"column":22}}]}},"s":{"0":0,"1":0,"2":0,"3":0,"4":0,"5":0,"6":0,"7":0,"8":0,"9":0,"10":0,"11":0,"12":0,"13":0,"14":0,"15":0,"16":0,"17":0,"18":0,"19":0,"20":0,"21":0,"22":0,"23":0,"24":0,"25":0,"26":0},"f":{"0":0,"1":0},"b":{"0":[0,0],"1":[0,0,0,0]}}
,"C:\\Users\\chris\\Desktop\\dailychallenge\\backend\\ms-game-cinema-2\\src\\prisma\\prisma.service.ts": {"path":"C:\\Users\\chris\\Desktop\\dailychallenge\\backend\\ms-game-cinema-2\\src\\prisma\\prisma.service.ts","statementMap":{"0":{"start":{"line":1,"column":0},"end":{"line":1,"column":40}},"1":{"start":{"line":3,"column":24},"end":{"line":3,"column":null}},"2":{"start":{"line":8,"column":4},"end":{"line":14,"column":6}},"3":{"start":{"line":16,"column":0},"end":{"line":16,"column":76}},"4":{"start":{"line":16,"column":44},"end":{"line":16,"column":76}},"5":{"start":{"line":18,"column":0},"end":{"line":18,"column":22}}},"fnMap":{},"branchMap":{"0":{"loc":{"start":{"line":8,"column":4},"end":{"line":14,"column":6}},"type":"cond-expr","locations":[{"start":{"line":8,"column":26},"end":{"line":8,"column":null}},{"start":{"line":9,"column":4},"end":{"line":14,"column":6}}]},"1":{"loc":{"start":{"line":8,"column":4},"end":{"line":8,"column":null}},"type":"binary-expr","locations":[{"start":{"line":8,"column":4},"end":{"line":8,"column":null}},{"start":{"line":8,"column":26},"end":{"line":8,"column":null}}]},"2":{"loc":{"start":{"line":11,"column":12},"end":{"line":13,"column":20}},"type":"cond-expr","locations":[{"start":{"line":12,"column":18},"end":{"line":12,"column":44}},{"start":{"line":13,"column":18},"end":{"line":13,"column":20}}]},"3":{"loc":{"start":{"line":16,"column":0},"end":{"line":16,"column":76}},"type":"if","locations":[{"start":{"line":16,"column":0},"end":{"line":16,"column":76}}]}},"s":{"0":0,"1":0,"2":0,"3":0,"4":0,"5":0},"f":{},"b":{"0":[0,0],"1":[0,0],"2":[0,0],"3":[0]}}
,"C:\\Users\\chris\\Desktop\\dailychallenge\\backend\\ms-game-cinema-2\\src\\utils\\error.utils.ts": {"path":"C:\\Users\\chris\\Desktop\\dailychallenge\\backend\\ms-game-cinema-2\\src\\utils\\error.utils.ts","statementMap":{"0":{"start":{"line":3,"column":0},"end":{"line":3,"column":16}},"1":{"start":{"line":1,"column":0},"end":{"line":1,"column":53}},"2":{"start":{"line":4,"column":4},"end":{"line":4,"column":52}}},"fnMap":{"0":{"name":"handleRpcError","decl":{"start":{"line":3,"column":16},"end":{"line":3,"column":30}},"loc":{"start":{"line":3,"column":66},"end":{"line":5,"column":1}}}},"branchMap":{},"s":{"0":0,"1":0,"2":0},"f":{"0":0},"b":{}}
,"C:\\Users\\chris\\Desktop\\dailychallenge\\backend\\ms-gateway\\src\\app.service.ts": {"path":"C:\\Users\\chris\\Desktop\\dailychallenge\\backend\\ms-gateway\\src\\app.service.ts","statementMap":{"0":{"start":{"line":1,"column":0},"end":{"line":1,"column":44}},"1":{"start":{"line":3,"column":1},"end":{"line":3,"column":null}},"2":{"start":{"line":6,"column":4},"end":{"line":6,"column":26}},"3":{"start":{"line":4,"column":0},"end":{"line":4,"column":13}},"4":{"start":{"line":4,"column":13},"end":{"line":4,"column":23}}},"fnMap":{"0":{"name":"(anonymous_6)","decl":{"start":{"line":5,"column":2},"end":{"line":5,"column":10}},"loc":{"start":{"line":5,"column":10},"end":{"line":7,"column":3}}}},"branchMap":{},"s":{"0":0,"1":0,"2":0,"3":0,"4":0},"f":{"0":0},"b":{}}
,"C:\\Users\\chris\\Desktop\\dailychallenge\\backend\\ms-gateway\\src\\auth\\auth.guard.ts": {"path":"C:\\Users\\chris\\Desktop\\dailychallenge\\backend\\ms-gateway\\src\\auth\\auth.guard.ts","statementMap":{"0":{"start":{"line":1,"column":0},"end":{"line":1,"column":null}},"1":{"start":{"line":6,"column":0},"end":{"line":6,"column":45}},"2":{"start":{"line":9,"column":1},"end":{"line":9,"column":null}},"3":{"start":{"line":10,"column":34},"end":{"line":10,"column":50}},"4":{"start":{"line":12,"column":8},"end":{"line":12,"column":16}},"5":{"start":{"line":11,"column":24},"end":{"line":11,"column":44}},"6":{"start":{"line":16,"column":25},"end":{"line":18,"column":null}},"7":{"start":{"line":21,"column":8},"end":{"line":23,"column":9}},"8":{"start":{"line":22,"column":12},"end":{"line":22,"column":24}},"9":{"start":{"line":25,"column":8},"end":{"line":25,"column":42}},"10":{"start":{"line":33,"column":8},"end":{"line":49,"column":9}},"11":{"start":{"line":34,"column":33},"end":{"line":34,"column":76}},"12":{"start":{"line":36,"column":12},"end":{"line":40,"column":13}},"13":{"start":{"line":37,"column":16},"end":{"line":39,"column":18}},"14":{"start":{"line":41,"column":12},"end":{"line":43,"column":13}},"15":{"start":{"line":42,"column":16},"end":{"line":42,"column":65}},"16":{"start":{"line":44,"column":12},"end":{"line":46,"column":13}},"17":{"start":{"line":45,"column":16},"end":{"line":45,"column":67}},"18":{"start":{"line":48,"column":12},"end":{"line":48,"column":61}},"19":{"start":{"line":51,"column":8},"end":{"line":51,"column":20}},"20":{"start":{"line":10,"column":0},"end":{"line":10,"column":13}},"21":{"start":{"line":10,"column":13},"end":{"line":10,"column":25}}},"fnMap":{"0":{"name":"(anonymous_6)","decl":{"start":{"line":11,"column":4},"end":{"line":11,"column":24}},"loc":{"start":{"line":11,"column":44},"end":{"line":13,"column":5}}},"1":{"name":"(anonymous_7)","decl":{"start":{"line":15,"column":4},"end":{"line":15,"column":15}},"loc":{"start":{"line":15,"column":41},"end":{"line":26,"column":5}}},"2":{"name":"(anonymous_8)","decl":{"start":{"line":28,"column":4},"end":{"line":28,"column":17}},"loc":{"start":{"line":31,"column":26},"end":{"line":52,"column":5}}}},"branchMap":{"0":{"loc":{"start":{"line":21,"column":8},"end":{"line":23,"column":9}},"type":"if","locations":[{"start":{"line":21,"column":8},"end":{"line":23,"column":9}}]},"1":{"loc":{"start":{"line":33,"column":8},"end":{"line":49,"column":9}},"type":"if","locations":[{"start":{"line":33,"column":8},"end":{"line":49,"column":9}}]},"2":{"loc":{"start":{"line":33,"column":12},"end":{"line":33,"column":24}},"type":"binary-expr","locations":[{"start":{"line":33,"column":12},"end":{"line":33,"column":15}},{"start":{"line":33,"column":19},"end":{"line":33,"column":24}}]},"3":{"loc":{"start":{"line":34,"column":33},"end":{"line":34,"column":76}},"type":"cond-expr","locations":[{"start":{"line":34,"column":57},"end":{"line":34,"column":69}},{"start":{"line":34,"column":72},"end":{"line":34,"column":76}}]},"4":{"loc":{"start":{"line":36,"column":12},"end":{"line":40,"column":13}},"type":"if","locations":[{"start":{"line":36,"column":12},"end":{"line":40,"column":13}}]},"5":{"loc":{"start":{"line":41,"column":12},"end":{"line":43,"column":13}},"type":"if","locations":[{"start":{"line":41,"column":12},"end":{"line":43,"column":13}}]},"6":{"loc":{"start":{"line":44,"column":12},"end":{"line":46,"column":13}},"type":"if","locations":[{"start":{"line":44,"column":12},"end":{"line":46,"column":13}}]}},"s":{"0":0,"1":0,"2":0,"3":0,"4":0,"5":0,"6":0,"7":0,"8":0,"9":0,"10":0,"11":0,"12":0,"13":0,"14":0,"15":0,"16":0,"17":0,"18":0,"19":0,"20":0,"21":0},"f":{"0":0,"1":0,"2":0},"b":{"0":[0],"1":[0],"2":[0,0],"3":[0,0],"4":[0],"5":[0],"6":[0]}}
,"C:\\Users\\chris\\Desktop\\dailychallenge\\backend\\ms-gateway\\src\\auth\\jwt.strategy.ts": {"path":"C:\\Users\\chris\\Desktop\\dailychallenge\\backend\\ms-gateway\\src\\auth\\jwt.strategy.ts","statementMap":{"0":{"start":{"line":1,"column":0},"end":{"line":1,"column":44}},"1":{"start":{"line":2,"column":0},"end":{"line":2,"column":52}},"2":{"start":{"line":3,"column":0},"end":{"line":3,"column":52}},"3":{"start":{"line":6,"column":1},"end":{"line":6,"column":null}},"4":{"start":{"line":7,"column":33},"end":{"line":7,"column":59}},"5":{"start":{"line":9,"column":8},"end":{"line":12,"column":11}},"6":{"start":{"line":17,"column":8},"end":{"line":22,"column":10}},"7":{"start":{"line":7,"column":0},"end":{"line":7,"column":13}},"8":{"start":{"line":7,"column":13},"end":{"line":7,"column":24}}},"fnMap":{"0":{"name":"(anonymous_6)","decl":{"start":{"line":8,"column":4},"end":{"line":8,"column":null}},"loc":{"start":{"line":8,"column":4},"end":{"line":13,"column":5}}},"1":{"name":"(anonymous_7)","decl":{"start":{"line":15,"column":4},"end":{"line":15,"column":12}},"loc":{"start":{"line":15,"column":33},"end":{"line":23,"column":5}}}},"branchMap":{"0":{"loc":{"start":{"line":11,"column":25},"end":{"line":11,"column":62}},"type":"binary-expr","locations":[{"start":{"line":11,"column":25},"end":{"line":11,"column":47}},{"start":{"line":11,"column":51},"end":{"line":11,"column":62}}]}},"s":{"0":0,"1":0,"2":0,"3":0,"4":0,"5":0,"6":0,"7":0,"8":0},"f":{"0":0,"1":0},"b":{"0":[0,0]}}
,"C:\\Users\\chris\\Desktop\\dailychallenge\\backend\\ms-gateway\\src\\auth\\public.decorator.ts": {"path":"C:\\Users\\chris\\Desktop\\dailychallenge\\backend\\ms-gateway\\src\\auth\\public.decorator.ts","statementMap":{"0":{"start":{"line":1,"column":0},"end":{"line":1,"column":45}},"1":{"start":{"line":3,"column":22},"end":{"line":3,"column":57}},"2":{"start":{"line":3,"column":28},"end":{"line":3,"column":57}},"3":{"start":{"line":3,"column":13},"end":{"line":3,"column":22}}},"fnMap":{"0":{"name":"(anonymous_0)","decl":{"start":{"line":3,"column":22},"end":{"line":3,"column":25}},"loc":{"start":{"line":3,"column":28},"end":{"line":3,"column":57}}}},"branchMap":{},"s":{"0":0,"1":0,"2":0,"3":0},"f":{"0":0},"b":{}}
,"C:\\Users\\chris\\Desktop\\dailychallenge\\backend\\ms-gateway\\src\\auth\\roles.decorator.ts": {"path":"C:\\Users\\chris\\Desktop\\dailychallenge\\backend\\ms-gateway\\src\\auth\\roles.decorator.ts","statementMap":{"0":{"start":{"line":1,"column":0},"end":{"line":1,"column":45}},"1":{"start":{"line":3,"column":21},"end":{"line":3,"column":72}},"2":{"start":{"line":3,"column":45},"end":{"line":3,"column":72}},"3":{"start":{"line":3,"column":13},"end":{"line":3,"column":21}}},"fnMap":{"0":{"name":"(anonymous_0)","decl":{"start":{"line":3,"column":21},"end":{"line":3,"column":22}},"loc":{"start":{"line":3,"column":45},"end":{"line":3,"column":72}}}},"branchMap":{},"s":{"0":0,"1":0,"2":0,"3":0},"f":{"0":0},"b":{}}
,"C:\\Users\\chris\\Desktop\\dailychallenge\\backend\\ms-gateway\\src\\auth\\roles.guard.ts": {"path":"C:\\Users\\chris\\Desktop\\dailychallenge\\backend\\ms-gateway\\src\\auth\\roles.guard.ts","statementMap":{"0":{"start":{"line":1,"column":0},"end":{"line":1,"column":null}},"1":{"start":{"line":10,"column":1},"end":{"line":10,"column":null}},"2":{"start":{"line":12,"column":24},"end":{"line":12,"column":44}},"3":{"start":{"line":15,"column":52},"end":{"line":17,"column":40}},"4":{"start":{"line":19,"column":8},"end":{"line":21,"column":9}},"5":{"start":{"line":20,"column":12},"end":{"line":20,"column":24}},"6":{"start":{"line":23,"column":33},"end":{"line":23,"column":68}},"7":{"start":{"line":24,"column":21},"end":{"line":24,"column":null}},"8":{"start":{"line":28,"column":8},"end":{"line":32,"column":9}},"9":{"start":{"line":29,"column":12},"end":{"line":31,"column":14}},"10":{"start":{"line":34,"column":8},"end":{"line":34,"column":20}},"11":{"start":{"line":11,"column":0},"end":{"line":11,"column":13}},"12":{"start":{"line":11,"column":13},"end":{"line":11,"column":23}}},"fnMap":{"0":{"name":"(anonymous_6)","decl":{"start":{"line":12,"column":4},"end":{"line":12,"column":24}},"loc":{"start":{"line":12,"column":44},"end":{"line":12,"column":48}}},"1":{"name":"(anonymous_7)","decl":{"start":{"line":14,"column":4},"end":{"line":14,"column":15}},"loc":{"start":{"line":14,"column":41},"end":{"line":35,"column":5}}}},"branchMap":{"0":{"loc":{"start":{"line":19,"column":8},"end":{"line":21,"column":9}},"type":"if","locations":[{"start":{"line":19,"column":8},"end":{"line":21,"column":9}}]},"1":{"loc":{"start":{"line":19,"column":12},"end":{"line":19,"column":56}},"type":"binary-expr","locations":[{"start":{"line":19,"column":12},"end":{"line":19,"column":26}},{"start":{"line":19,"column":30},"end":{"line":19,"column":56}}]},"2":{"loc":{"start":{"line":28,"column":8},"end":{"line":32,"column":9}},"type":"if","locations":[{"start":{"line":28,"column":8},"end":{"line":32,"column":9}}]},"3":{"loc":{"start":{"line":28,"column":12},"end":{"line":28,"column":69}},"type":"binary-expr","locations":[{"start":{"line":28,"column":12},"end":{"line":28,"column":17}},{"start":{"line":28,"column":21},"end":{"line":28,"column":31}},{"start":{"line":28,"column":35},"end":{"line":28,"column":69}}]}},"s":{"0":0,"1":0,"2":0,"3":0,"4":0,"5":0,"6":0,"7":0,"8":0,"9":0,"10":0,"11":0,"12":0},"f":{"0":0,"1":0},"b":{"0":[0],"1":[0,0],"2":[0],"3":[0,0,0]}}
,"C:\\Users\\chris\\Desktop\\dailychallenge\\backend\\ms-gateway\\src\\avatar\\dto\\avatar-asset.dto.ts": {"path":"C:\\Users\\chris\\Desktop\\dailychallenge\\backend\\ms-gateway\\src\\avatar\\dto\\avatar-asset.dto.ts","statementMap":{"0":{"start":{"line":1,"column":0},"end":{"line":1,"column":13}}},"fnMap":{},"branchMap":{},"s":{"0":0},"f":{},"b":{}}
,"C:\\Users\\chris\\Desktop\\dailychallenge\\backend\\ms-gateway\\src\\avatar\\dto\\color.dto.ts": {"path":"C:\\Users\\chris\\Desktop\\dailychallenge\\backend\\ms-gateway\\src\\avatar\\dto\\color.dto.ts","statementMap":{"0":{"start":{"line":1,"column":0},"end":{"line":1,"column":13}}},"fnMap":{},"branchMap":{},"s":{"0":0},"f":{},"b":{}}
,"C:\\Users\\chris\\Desktop\\dailychallenge\\backend\\ms-gateway\\src\\common\\cache.service.ts": {"path":"C:\\Users\\chris\\Desktop\\dailychallenge\\backend\\ms-gateway\\src\\common\\cache.service.ts","statementMap":{"0":{"start":{"line":1,"column":0},"end":{"line":1,"column":44}},"1":{"start":{"line":3,"column":1},"end":{"line":3,"column":null}},"2":{"start":{"line":5,"column":12},"end":{"line":5,"column":75}},"3":{"start":{"line":8,"column":22},"end":{"line":8,"column":41}},"4":{"start":{"line":9,"column":8},"end":{"line":9,"column":32}},"5":{"start":{"line":9,"column":20},"end":{"line":9,"column":32}},"6":{"start":{"line":10,"column":8},"end":{"line":13,"column":9}},"7":{"start":{"line":11,"column":12},"end":{"line":11,"column":35}},"8":{"start":{"line":12,"column":12},"end":{"line":12,"column":24}},"9":{"start":{"line":14,"column":8},"end":{"line":14,"column":31}},"10":{"start":{"line":18,"column":8},"end":{"line":18,"column":80}},"11":{"start":{"line":22,"column":8},"end":{"line":22,"column":31}},"12":{"start":{"line":4,"column":0},"end":{"line":4,"column":13}},"13":{"start":{"line":4,"column":13},"end":{"line":4,"column":25}}},"fnMap":{"0":{"name":"(anonymous_7)","decl":{"start":{"line":7,"column":4},"end":{"line":7,"column":7}},"loc":{"start":{"line":7,"column":22},"end":{"line":15,"column":5}}},"1":{"name":"(anonymous_8)","decl":{"start":{"line":17,"column":4},"end":{"line":17,"column":7}},"loc":{"start":{"line":17,"column":44},"end":{"line":19,"column":5}}},"2":{"name":"(anonymous_9)","decl":{"start":{"line":21,"column":4},"end":{"line":21,"column":10}},"loc":{"start":{"line":21,"column":22},"end":{"line":23,"column":5}}}},"branchMap":{"0":{"loc":{"start":{"line":9,"column":8},"end":{"line":9,"column":32}},"type":"if","locations":[{"start":{"line":9,"column":8},"end":{"line":9,"column":32}}]},"1":{"loc":{"start":{"line":10,"column":8},"end":{"line":13,"column":9}},"type":"if","locations":[{"start":{"line":10,"column":8},"end":{"line":13,"column":9}}]},"2":{"loc":{"start":{"line":17,"column":34},"end":{"line":17,"column":44}},"type":"default-arg","locations":[{"start":{"line":17,"column":40},"end":{"line":17,"column":44}}]}},"s":{"0":1,"1":1,"2":5,"3":5,"4":5,"5":2,"6":3,"7":1,"8":1,"9":2,"10":4,"11":1,"12":1,"13":2},"f":{"0":5,"1":4,"2":1},"b":{"0":[2],"1":[1],"2":[0]}}
,"C:\\Users\\chris\\Desktop\\dailychallenge\\backend\\ms-gateway\\src\\common\\http-logger.interceptor.ts": {"path":"C:\\Users\\chris\\Desktop\\dailychallenge\\backend\\ms-gateway\\src\\common\\http-logger.interceptor.ts","statementMap":{"0":{"start":{"line":1,"column":0},"end":{"line":1,"column":null}},"1":{"start":{"line":8,"column":0},"end":{"line":8,"column":39}},"2":{"start":{"line":10,"column":1},"end":{"line":10,"column":null}},"3":{"start":{"line":12,"column":21},"end":{"line":12,"column":49}},"4":{"start":{"line":15,"column":20},"end":{"line":15,"column":55}},"5":{"start":{"line":16,"column":52},"end":{"line":16,"column":55}},"6":{"start":{"line":18,"column":25},"end":{"line":18,"column":75}},"7":{"start":{"line":20,"column":29},"end":{"line":20,"column":58}},"8":{"start":{"line":22,"column":12},"end":{"line":24,"column":20}},"9":{"start":{"line":27,"column":8},"end":{"line":32,"column":9}},"10":{"start":{"line":28,"column":12},"end":{"line":30,"column":14}},"11":{"start":{"line":31,"column":12},"end":{"line":31,"column":33}},"12":{"start":{"line":34,"column":8},"end":{"line":40,"column":10}},"13":{"start":{"line":36,"column":16},"end":{"line":38,"column":18}},"14":{"start":{"line":11,"column":0},"end":{"line":11,"column":13}},"15":{"start":{"line":11,"column":13},"end":{"line":11,"column":34}},"16":{"start":{"line":44,"column":4},"end":{"line":44,"column":24}},"17":{"start":{"line":44,"column":14},"end":{"line":44,"column":24}},"18":{"start":{"line":45,"column":15},"end":{"line":45,"column":28}},"19":{"start":{"line":46,"column":28},"end":{"line":52,"column":6}},"20":{"start":{"line":54,"column":4},"end":{"line":58,"column":5}},"21":{"start":{"line":55,"column":8},"end":{"line":57,"column":9}},"22":{"start":{"line":56,"column":12},"end":{"line":56,"column":40}},"23":{"start":{"line":60,"column":4},"end":{"line":60,"column":17}}},"fnMap":{"0":{"name":"(anonymous_7)","decl":{"start":{"line":14,"column":4},"end":{"line":14,"column":13}},"loc":{"start":{"line":14,"column":58},"end":{"line":41,"column":5}}},"1":{"name":"(anonymous_8)","decl":{"start":{"line":35,"column":16},"end":{"line":35,"column":19}},"loc":{"start":{"line":35,"column":21},"end":{"line":39,"column":13}}},"2":{"name":"filterSensitiveData","decl":{"start":{"line":43,"column":9},"end":{"line":43,"column":28}},"loc":{"start":{"line":43,"column":53},"end":{"line":61,"column":1}}}},"branchMap":{"0":{"loc":{"start":{"line":18,"column":25},"end":{"line":18,"column":75}},"type":"binary-expr","locations":[{"start":{"line":18,"column":25},"end":{"line":18,"column":41}},{"start":{"line":18,"column":45},"end":{"line":18,"column":60}},{"start":{"line":18,"column":64},"end":{"line":18,"column":75}}]},"1":{"loc":{"start":{"line":18,"column":25},"end":{"line":18,"column":41}},"type":"cond-expr","locations":[{"start":{"line":18,"column":33},"end":{"line":18,"column":35}},{"start":{"line":18,"column":33},"end":{"line":18,"column":41}}]},"2":{"loc":{"start":{"line":18,"column":25},"end":{"line":18,"column":35}},"type":"binary-expr","locations":[{"start":{"line":18,"column":25},"end":{"line":18,"column":35}},{"start":{"line":18,"column":33},"end":{"line":18,"column":35}}]},"3":{"loc":{"start":{"line":18,"column":45},"end":{"line":18,"column":60}},"type":"cond-expr","locations":[{"start":{"line":18,"column":53},"end":{"line":18,"column":55}},{"start":{"line":18,"column":53},"end":{"line":18,"column":60}}]},"4":{"loc":{"start":{"line":18,"column":45},"end":{"line":18,"column":55}},"type":"binary-expr","locations":[{"start":{"line":18,"column":45},"end":{"line":18,"column":55}},{"start":{"line":18,"column":53},"end":{"line":18,"column":55}}]},"5":{"loc":{"start":{"line":22,"column":12},"end":{"line":24,"column":20}},"type":"cond-expr","locations":[{"start":{"line":23,"column":18},"end":{"line":23,"column":62}},{"start":{"line":24,"column":18},"end":{"line":24,"column":20}}]},"6":{"loc":{"start":{"line":22,"column":12},"end":{"line":22,"column":60}},"type":"binary-expr","locations":[{"start":{"line":22,"column":12},"end":{"line":22,"column":24}},{"start":{"line":22,"column":28},"end":{"line":22,"column":60}}]},"7":{"loc":{"start":{"line":27,"column":8},"end":{"line":32,"column":9}},"type":"if","locations":[{"start":{"line":27,"column":8},"end":{"line":32,"column":9}}]},"8":{"loc":{"start":{"line":44,"column":4},"end":{"line":44,"column":24}},"type":"if","locations":[{"start":{"line":44,"column":4},"end":{"line":44,"column":24}}]},"9":{"loc":{"start":{"line":55,"column":8},"end":{"line":57,"column":9}},"type":"if","locations":[{"start":{"line":55,"column":8},"end":{"line":57,"column":9}}]}},"s":{"0":1,"1":1,"2":1,"3":4,"4":4,"5":4,"6":4,"7":4,"8":4,"9":4,"10":1,"11":1,"12":3,"13":3,"14":1,"15":2,"16":4,"17":0,"18":4,"19":4,"20":4,"21":20,"22":2,"23":4},"f":{"0":4,"1":3,"2":4},"b":{"0":[4,3,2],"1":[1,3],"2":[4,4],"3":[1,2],"4":[3,3],"5":[3,1],"6":[4,4],"7":[1],"8":[0],"9":[2]}}
,"C:\\Users\\chris\\Desktop\\dailychallenge\\backend\\ms-gateway\\src\\common\\rpc-client-logger.service.ts": {"path":"C:\\Users\\chris\\Desktop\\dailychallenge\\backend\\ms-gateway\\src\\common\\rpc-client-logger.service.ts","statementMap":{"0":{"start":{"line":2,"column":0},"end":{"line":2,"column":52}},"1":{"start":{"line":5,"column":1},"end":{"line":5,"column":null}},"2":{"start":{"line":7,"column":21},"end":{"line":7,"column":65}},"3":{"start":{"line":20,"column":25},"end":{"line":20,"column":54}},"4":{"start":{"line":21,"column":8},"end":{"line":27,"column":10}},"5":{"start":{"line":31,"column":19},"end":{"line":31,"column":32}},"6":{"start":{"line":32,"column":8},"end":{"line":34,"column":9}},"7":{"start":{"line":33,"column":12},"end":{"line":33,"column":54}},"8":{"start":{"line":33,"column":28},"end":{"line":33,"column":54}},"9":{"start":{"line":35,"column":8},"end":{"line":35,"column":21}},"10":{"start":{"line":6,"column":0},"end":{"line":6,"column":13}},"11":{"start":{"line":6,"column":13},"end":{"line":6,"column":35}}},"fnMap":{"0":{"name":"(anonymous_7)","decl":{"start":{"line":9,"column":4},"end":{"line":9,"column":11}},"loc":{"start":{"line":19,"column":5},"end":{"line":28,"column":5}}},"1":{"name":"(anonymous_8)","decl":{"start":{"line":30,"column":12},"end":{"line":30,"column":27}},"loc":{"start":{"line":30,"column":52},"end":{"line":36,"column":5}}}},"branchMap":{"0":{"loc":{"start":{"line":23,"column":16},"end":{"line":23,"column":null}},"type":"cond-expr","locations":[{"start":{"line":23,"column":27},"end":{"line":23,"column":31}},{"start":{"line":23,"column":31},"end":{"line":23,"column":null}}]},"1":{"loc":{"start":{"line":23,"column":16},"end":{"line":23,"column":31}},"type":"binary-expr","locations":[{"start":{"line":23,"column":16},"end":{"line":23,"column":31}},{"start":{"line":23,"column":27},"end":{"line":23,"column":31}}]},"2":{"loc":{"start":{"line":23,"column":16},"end":{"line":23,"column":27}},"type":"cond-expr","locations":[{"start":{"line":23,"column":20},"end":{"line":23,"column":22}},{"start":{"line":23,"column":16},"end":{"line":23,"column":27}}]},"3":{"loc":{"start":{"line":23,"column":16},"end":{"line":23,"column":22}},"type":"binary-expr","locations":[{"start":{"line":23,"column":16},"end":{"line":23,"column":22}},{"start":{"line":23,"column":16},"end":{"line":23,"column":22}}]},"4":{"loc":{"start":{"line":33,"column":12},"end":{"line":33,"column":54}},"type":"if","locations":[{"start":{"line":33,"column":12},"end":{"line":33,"column":54}}]}},"s":{"0":1,"1":1,"2":3,"3":2,"4":2,"5":3,"6":3,"7":6,"8":4,"9":3,"10":1,"11":2},"f":{"0":2,"1":3},"b":{"0":[1,1],"1":[2,2],"2":[1,1],"3":[2,2],"4":[4]}}
,"C:\\Users\\chris\\Desktop\\dailychallenge\\backend\\ms-gateway\\src\\common\\rpc-exception-handler.service.ts": {"path":"C:\\Users\\chris\\Desktop\\dailychallenge\\backend\\ms-gateway\\src\\common\\rpc-exception-handler.service.ts","statementMap":{"0":{"start":{"line":1,"column":0},"end":{"line":1,"column":null}},"1":{"start":{"line":14,"column":1},"end":{"line":14,"column":null}},"2":{"start":{"line":16,"column":21},"end":{"line":16,"column":74}},"3":{"start":{"line":19,"column":8},"end":{"line":43,"column":9}},"4":{"start":{"line":21,"column":30},"end":{"line":21,"column":66}},"5":{"start":{"line":22,"column":12},"end":{"line":30,"column":13}},"6":{"start":{"line":23,"column":48},"end":{"line":23,"column":56}},"7":{"start":{"line":24,"column":16},"end":{"line":29,"column":17}},"8":{"start":{"line":28,"column":20},"end":{"line":28,"column":65}},"9":{"start":{"line":33,"column":32},"end":{"line":33,"column":49}},"10":{"start":{"line":34,"column":12},"end":{"line":42,"column":13}},"11":{"start":{"line":38,"column":16},"end":{"line":41,"column":18}},"12":{"start":{"line":46,"column":8},"end":{"line":46,"column":80}},"13":{"start":{"line":47,"column":8},"end":{"line":47,"column":56}},"14":{"start":{"line":15,"column":0},"end":{"line":15,"column":13}},"15":{"start":{"line":15,"column":13},"end":{"line":15,"column":39}}},"fnMap":{"0":{"name":"(anonymous_7)","decl":{"start":{"line":18,"column":4},"end":{"line":18,"column":10}},"loc":{"start":{"line":18,"column":25},"end":{"line":48,"column":5}}}},"branchMap":{"0":{"loc":{"start":{"line":19,"column":8},"end":{"line":43,"column":9}},"type":"if","locations":[{"start":{"line":19,"column":8},"end":{"line":43,"column":9}}]},"1":{"loc":{"start":{"line":19,"column":12},"end":{"line":19,"column":55}},"type":"binary-expr","locations":[{"start":{"line":19,"column":12},"end":{"line":19,"column":37}},{"start":{"line":19,"column":41},"end":{"line":19,"column":55}}]},"2":{"loc":{"start":{"line":22,"column":12},"end":{"line":30,"column":13}},"type":"if","locations":[{"start":{"line":22,"column":12},"end":{"line":30,"column":13}}]},"3":{"loc":{"start":{"line":22,"column":16},"end":{"line":22,"column":56}},"type":"binary-expr","locations":[{"start":{"line":22,"column":16},"end":{"line":22,"column":24}},{"start":{"line":22,"column":28},"end":{"line":22,"column":56}}]},"4":{"loc":{"start":{"line":24,"column":16},"end":{"line":29,"column":17}},"type":"if","locations":[{"start":{"line":24,"column":16},"end":{"line":29,"column":17}}]},"5":{"loc":{"start":{"line":25,"column":20},"end":{"line":26,"column":50}},"type":"binary-expr","locations":[{"start":{"line":25,"column":20},"end":{"line":25,"column":47}},{"start":{"line":26,"column":20},"end":{"line":26,"column":50}}]},"6":{"loc":{"start":{"line":34,"column":12},"end":{"line":42,"column":13}},"type":"if","locations":[{"start":{"line":34,"column":12},"end":{"line":42,"column":13}}]},"7":{"loc":{"start":{"line":35,"column":16},"end":{"line":36,"column":58}},"type":"binary-expr","locations":[{"start":{"line":35,"column":16},"end":{"line":35,"column":55}},{"start":{"line":36,"column":16},"end":{"line":36,"column":58}}]}},"s":{"0":1,"1":1,"2":5,"3":5,"4":3,"5":3,"6":1,"7":1,"8":1,"9":2,"10":2,"11":1,"12":3,"13":3,"14":1,"15":2},"f":{"0":5},"b":{"0":[3],"1":[5,4],"2":[1],"3":[3,1],"4":[1],"5":[1,1],"6":[1],"7":[2,1]}}
,"C:\\Users\\chris\\Desktop\\dailychallenge\\backend\\ms-gateway\\src\\filters\\exception.filter.ts": {"path":"C:\\Users\\chris\\Desktop\\dailychallenge\\backend\\ms-gateway\\src\\filters\\exception.filter.ts","statementMap":{"0":{"start":{"line":1,"column":0},"end":{"line":1,"column":null}},"1":{"start":{"line":10,"column":1},"end":{"line":10,"column":null}},"2":{"start":{"line":12,"column":21},"end":{"line":12,"column":69}},"3":{"start":{"line":15,"column":20},"end":{"line":15,"column":39}},"4":{"start":{"line":16,"column":25},"end":{"line":16,"column":52}},"5":{"start":{"line":18,"column":21},"end":{"line":18,"column":24}},"6":{"start":{"line":19,"column":28},"end":{"line":23,"column":10}},"7":{"start":{"line":26,"column":8},"end":{"line":73,"column":9}},"8":{"start":{"line":27,"column":33},"end":{"line":27,"column":56}},"9":{"start":{"line":28,"column":12},"end":{"line":28,"column":43}},"10":{"start":{"line":30,"column":12},"end":{"line":45,"column":13}},"11":{"start":{"line":31,"column":36},"end":{"line":31,"column":75}},"12":{"start":{"line":32,"column":16},"end":{"line":38,"column":18}},"13":{"start":{"line":40,"column":16},"end":{"line":44,"column":18}},"14":{"start":{"line":48,"column":13},"end":{"line":73,"column":9}},"15":{"start":{"line":56,"column":29},"end":{"line":56,"column":null}},"16":{"start":{"line":61,"column":12},"end":{"line":61,"column":41}},"17":{"start":{"line":62,"column":12},"end":{"line":66,"column":14}},"18":{"start":{"line":70,"column":12},"end":{"line":72,"column":14}},"19":{"start":{"line":76,"column":8},"end":{"line":76,"column":76}},"20":{"start":{"line":79,"column":8},"end":{"line":79,"column":52}},"21":{"start":{"line":84,"column":8},"end":{"line":101,"column":9}},"22":{"start":{"line":86,"column":16},"end":{"line":86,"column":44}},"23":{"start":{"line":88,"column":16},"end":{"line":88,"column":38}},"24":{"start":{"line":90,"column":16},"end":{"line":90,"column":34}},"25":{"start":{"line":92,"column":16},"end":{"line":92,"column":36}},"26":{"start":{"line":94,"column":16},"end":{"line":94,"column":33}},"27":{"start":{"line":96,"column":16},"end":{"line":96,"column":46}},"28":{"start":{"line":98,"column":16},"end":{"line":98,"column":51}},"29":{"start":{"line":100,"column":16},"end":{"line":100,"column":32}},"30":{"start":{"line":11,"column":0},"end":{"line":11,"column":13}},"31":{"start":{"line":11,"column":13},"end":{"line":11,"column":34}}},"fnMap":{"0":{"name":"(anonymous_7)","decl":{"start":{"line":14,"column":4},"end":{"line":14,"column":9}},"loc":{"start":{"line":14,"column":49},"end":{"line":80,"column":5}}},"1":{"name":"(anonymous_8)","decl":{"start":{"line":83,"column":12},"end":{"line":83,"column":25}},"loc":{"start":{"line":83,"column":40},"end":{"line":102,"column":5}}}},"branchMap":{"0":{"loc":{"start":{"line":26,"column":8},"end":{"line":73,"column":9}},"type":"if","locations":[{"start":{"line":26,"column":8},"end":{"line":73,"column":9}},{"start":{"line":48,"column":13},"end":{"line":73,"column":9}}]},"1":{"loc":{"start":{"line":30,"column":12},"end":{"line":45,"column":13}},"type":"if","locations":[{"start":{"line":30,"column":12},"end":{"line":45,"column":13}},{"start":{"line":39,"column":19},"end":{"line":45,"column":13}}]},"2":{"loc":{"start":{"line":30,"column":16},"end":{"line":30,"column":73}},"type":"binary-expr","locations":[{"start":{"line":30,"column":16},"end":{"line":30,"column":48}},{"start":{"line":30,"column":52},"end":{"line":30,"column":73}}]},"3":{"loc":{"start":{"line":34,"column":28},"end":{"line":34,"column":71}},"type":"binary-expr","locations":[{"start":{"line":34,"column":28},"end":{"line":34,"column":59}},{"start":{"line":34,"column":63},"end":{"line":34,"column":71}}]},"4":{"loc":{"start":{"line":36,"column":25},"end":{"line":37,"column":51}},"type":"binary-expr","locations":[{"start":{"line":36,"column":25},"end":{"line":36,"column":58}},{"start":{"line":37,"column":24},"end":{"line":37,"column":51}}]},"5":{"loc":{"start":{"line":48,"column":13},"end":{"line":73,"column":9}},"type":"if","locations":[{"start":{"line":48,"column":13},"end":{"line":73,"column":9}},{"start":{"line":69,"column":13},"end":{"line":73,"column":9}}]},"6":{"loc":{"start":{"line":49,"column":12},"end":{"line":54,"column":43}},"type":"binary-expr","locations":[{"start":{"line":49,"column":12},"end":{"line":49,"column":41}},{"start":{"line":50,"column":12},"end":{"line":50,"column":30}},{"start":{"line":51,"column":12},"end":{"line":51,"column":32}},{"start":{"line":52,"column":12},"end":{"line":52,"column":47}},{"start":{"line":53,"column":12},"end":{"line":53,"column":36}},{"start":{"line":54,"column":12},"end":{"line":54,"column":43}}]},"7":{"loc":{"start":{"line":65,"column":25},"end":{"line":65,"column":72}},"type":"binary-expr","locations":[{"start":{"line":65,"column":25},"end":{"line":65,"column":41}},{"start":{"line":65,"column":45},"end":{"line":65,"column":72}}]},"8":{"loc":{"start":{"line":84,"column":8},"end":{"line":101,"column":9}},"type":"switch","locations":[{"start":{"line":85,"column":12},"end":{"line":86,"column":44}},{"start":{"line":87,"column":12},"end":{"line":88,"column":38}},{"start":{"line":89,"column":12},"end":{"line":90,"column":34}},{"start":{"line":91,"column":12},"end":{"line":92,"column":36}},{"start":{"line":93,"column":12},"end":{"line":94,"column":33}},{"start":{"line":95,"column":12},"end":{"line":96,"column":46}},{"start":{"line":97,"column":12},"end":{"line":98,"column":51}},{"start":{"line":99,"column":12},"end":{"line":100,"column":32}}]}},"s":{"0":0,"1":0,"2":0,"3":0,"4":0,"5":0,"6":0,"7":0,"8":0,"9":0,"10":0,"11":0,"12":0,"13":0,"14":0,"15":0,"16":0,"17":0,"18":0,"19":0,"20":0,"21":0,"22":0,"23":0,"24":0,"25":0,"26":0,"27":0,"28":0,"29":0,"30":0,"31":0},"f":{"0":0,"1":0},"b":{"0":[0,0],"1":[0,0],"2":[0,0],"3":[0,0],"4":[0,0],"5":[0,0],"6":[0,0,0,0,0,0],"7":[0,0],"8":[0,0,0,0,0,0,0,0]}}
,"C:\\Users\\chris\\Desktop\\dailychallenge\\backend\\ms-leaderboard\\src\\filters\\global-rpc-exception.filter.ts": {"path":"C:\\Users\\chris\\Desktop\\dailychallenge\\backend\\ms-leaderboard\\src\\filters\\global-rpc-exception.filter.ts","statementMap":{"0":{"start":{"line":1,"column":0},"end":{"line":1,"column":null}},"1":{"start":{"line":11,"column":0},"end":{"line":11,"column":53}},"2":{"start":{"line":12,"column":0},"end":{"line":12,"column":34}},"3":{"start":{"line":14,"column":1},"end":{"line":14,"column":null}},"4":{"start":{"line":16,"column":21},"end":{"line":16,"column":72}},"5":{"start":{"line":26,"column":21},"end":{"line":26,"column":24}},"6":{"start":{"line":27,"column":22},"end":{"line":27,"column":40}},"7":{"start":{"line":29,"column":8},"end":{"line":38,"column":9}},"8":{"start":{"line":31,"column":12},"end":{"line":31,"column":53}},"9":{"start":{"line":34,"column":29},"end":{"line":34,"column":52}},"10":{"start":{"line":35,"column":12},"end":{"line":36,"column":78}},"11":{"start":{"line":37,"column":12},"end":{"line":37,"column":43}},"12":{"start":{"line":40,"column":8},"end":{"line":40,"column":62}},"13":{"start":{"line":41,"column":8},"end":{"line":43,"column":10}},"14":{"start":{"line":42,"column":18},"end":{"line":42,"column":67}},"15":{"start":{"line":15,"column":0},"end":{"line":15,"column":13}},"16":{"start":{"line":15,"column":13},"end":{"line":15,"column":37}}},"fnMap":{"0":{"name":"(anonymous_7)","decl":{"start":{"line":18,"column":4},"end":{"line":18,"column":9}},"loc":{"start":{"line":24,"column":27},"end":{"line":44,"column":5}}},"1":{"name":"(anonymous_8)","decl":{"start":{"line":42,"column":12},"end":{"line":42,"column":15}},"loc":{"start":{"line":42,"column":18},"end":{"line":42,"column":67}}}},"branchMap":{"0":{"loc":{"start":{"line":29,"column":8},"end":{"line":38,"column":9}},"type":"if","locations":[{"start":{"line":29,"column":8},"end":{"line":38,"column":9}},{"start":{"line":32,"column":15},"end":{"line":38,"column":9}}]},"1":{"loc":{"start":{"line":36,"column":16},"end":{"line":36,"column":77}},"type":"cond-expr","locations":[{"start":{"line":36,"column":47},"end":{"line":36,"column":55}},{"start":{"line":36,"column":58},"end":{"line":36,"column":77}}]}},"s":{"0":0,"1":0,"2":0,"3":0,"4":0,"5":0,"6":0,"7":0,"8":0,"9":0,"10":0,"11":0,"12":0,"13":0,"14":0,"15":0,"16":0},"f":{"0":0,"1":0},"b":{"0":[0,0],"1":[0,0]}}
,"C:\\Users\\chris\\Desktop\\dailychallenge\\backend\\ms-leaderboard\\src\\filters\\prisma-rpc-exception.filter.ts": {"path":"C:\\Users\\chris\\Desktop\\dailychallenge\\backend\\ms-leaderboard\\src\\filters\\prisma-rpc-exception.filter.ts","statementMap":{"0":{"start":{"line":1,"column":0},"end":{"line":1,"column":null}},"1":{"start":{"line":8,"column":0},"end":{"line":8,"column":53}},"2":{"start":{"line":9,"column":0},"end":{"line":9,"column":34}},"3":{"start":{"line":10,"column":0},"end":{"line":10,"column":34}},"4":{"start":{"line":12,"column":1},"end":{"line":12,"column":null}},"5":{"start":{"line":14,"column":21},"end":{"line":14,"column":72}},"6":{"start":{"line":20,"column":21},"end":{"line":20,"column":53}},"7":{"start":{"line":21,"column":22},"end":{"line":21,"column":49}},"8":{"start":{"line":24,"column":8},"end":{"line":48,"column":9}},"9":{"start":{"line":26,"column":12},"end":{"line":26,"column":44}},"10":{"start":{"line":27,"column":12},"end":{"line":27,"column":62}},"11":{"start":{"line":29,"column":12},"end":{"line":47,"column":13}},"12":{"start":{"line":31,"column":20},"end":{"line":31,"column":49}},"13":{"start":{"line":32,"column":20},"end":{"line":32,"column":55}},"14":{"start":{"line":33,"column":20},"end":{"line":33,"column":26}},"15":{"start":{"line":35,"column":20},"end":{"line":35,"column":50}},"16":{"start":{"line":36,"column":20},"end":{"line":36,"column":52}},"17":{"start":{"line":37,"column":20},"end":{"line":37,"column":26}},"18":{"start":{"line":39,"column":20},"end":{"line":39,"column":52}},"19":{"start":{"line":40,"column":20},"end":{"line":41,"column":101}},"20":{"start":{"line":42,"column":20},"end":{"line":42,"column":26}},"21":{"start":{"line":44,"column":20},"end":{"line":46,"column":22}},"22":{"start":{"line":50,"column":8},"end":{"line":50,"column":65}},"23":{"start":{"line":51,"column":8},"end":{"line":57,"column":10}},"24":{"start":{"line":53,"column":16},"end":{"line":56,"column":18}},"25":{"start":{"line":13,"column":0},"end":{"line":13,"column":13}},"26":{"start":{"line":13,"column":13},"end":{"line":13,"column":37}}},"fnMap":{"0":{"name":"(anonymous_7)","decl":{"start":{"line":16,"column":4},"end":{"line":16,"column":9}},"loc":{"start":{"line":18,"column":27},"end":{"line":58,"column":5}}},"1":{"name":"(anonymous_8)","decl":{"start":{"line":52,"column":12},"end":{"line":52,"column":15}},"loc":{"start":{"line":53,"column":16},"end":{"line":56,"column":18}}}},"branchMap":{"0":{"loc":{"start":{"line":24,"column":8},"end":{"line":48,"column":9}},"type":"if","locations":[{"start":{"line":24,"column":8},"end":{"line":48,"column":9}},{"start":{"line":28,"column":15},"end":{"line":48,"column":9}}]},"1":{"loc":{"start":{"line":29,"column":12},"end":{"line":47,"column":13}},"type":"switch","locations":[{"start":{"line":30,"column":16},"end":{"line":33,"column":26}},{"start":{"line":34,"column":16},"end":{"line":37,"column":26}},{"start":{"line":38,"column":16},"end":{"line":42,"column":26}},{"start":{"line":43,"column":16},"end":{"line":46,"column":22}}]}},"s":{"0":0,"1":0,"2":0,"3":0,"4":0,"5":0,"6":0,"7":0,"8":0,"9":0,"10":0,"11":0,"12":0,"13":0,"14":0,"15":0,"16":0,"17":0,"18":0,"19":0,"20":0,"21":0,"22":0,"23":0,"24":0,"25":0,"26":0},"f":{"0":0,"1":0},"b":{"0":[0,0],"1":[0,0,0,0]}}
[...]
":7,"column":0},"end":{"line":7,"column":53}},"6":{"start":{"line":10,"column":1},"end":{"line":10,"column":null}},"7":{"start":{"line":16,"column":25},"end":{"line":16,"column":46}},"8":{"start":{"line":17,"column":25},"end":{"line":17,"column":53}},"9":{"start":{"line":13,"column":21},"end":{"line":13,"column":58}},"10":{"start":{"line":19,"column":8},"end":{"line":19,"column":75}},"11":{"start":{"line":23,"column":8},"end":{"line":27,"column":9}},"12":{"start":{"line":24,"column":12},"end":{"line":26,"column":14}},"13":{"start":{"line":29,"column":25},"end":{"line":31,"column":10}},"14":{"start":{"line":33,"column":24},"end":{"line":42,"column":10}},"15":{"start":{"line":44,"column":8},"end":{"line":46,"column":10}},"16":{"start":{"line":47,"column":8},"end":{"line":47,"column":36}},"17":{"start":{"line":51,"column":8},"end":{"line":51,"column":67}},"18":{"start":{"line":53,"column":8},"end":{"line":111,"column":9}},"19":{"start":{"line":54,"column":12},"end":{"line":110,"column":13}},"20":{"start":{"line":55,"column":32},"end":{"line":55,"column":76}},"21":{"start":{"line":56,"column":39},"end":{"line":56,"column":69}},"22":{"start":{"line":57,"column":35},"end":{"line":57,"column":61}},"23":{"start":{"line":58,"column":31},"end":{"line":58,"column":63}},"24":{"start":{"line":59,"column":29},"end":{"line":59,"column":62}},"25":{"start":{"line":61,"column":31},"end":{"line":63,"column":18}},"26":{"start":{"line":65,"column":16},"end":{"line":70,"column":17}},"27":{"start":{"line":66,"column":20},"end":{"line":68,"column":22}},"28":{"start":{"line":69,"column":20},"end":{"line":69,"column":27}},"29":{"start":{"line":72,"column":37},"end":{"line":73,"column":null}},"30":{"start":{"line":75,"column":41},"end":{"line":75,"column":70}},"31":{"start":{"line":77,"column":32},"end":{"line":81,"column":45}},"32":{"start":{"line":83,"column":16},"end":{"line":95,"column":19}},"33":{"start":{"line":97,"column":29},"end":{"line":99,"column":18}},"34":{"start":{"line":100,"column":16},"end":{"line":106,"column":17}},"35":{"start":{"line":101,"column":20},"end":{"line":105,"column":22}},"36":{"start":{"line":108,"column":16},"end":{"line":108,"column":78}},"37":{"start":{"line":109,"column":16},"end":{"line":109,"column":26}},"38":{"start":{"line":113,"column":8},"end":{"line":170,"column":9}},"39":{"start":{"line":114,"column":33},"end":{"line":114,"column":73}},"40":{"start":{"line":115,"column":37},"end":{"line":115,"column":66}},"41":{"start":{"line":116,"column":24},"end":{"line":116,"column":34}},"42":{"start":{"line":118,"column":28},"end":{"line":120,"column":27}},"43":{"start":{"line":123,"column":12},"end":{"line":133,"column":13}},"44":{"start":{"line":124,"column":16},"end":{"line":124,"column":43}},"45":{"start":{"line":125,"column":19},"end":{"line":133,"column":13}},"46":{"start":{"line":126,"column":16},"end":{"line":126,"column":45}},"47":{"start":{"line":127,"column":19},"end":{"line":133,"column":13}},"48":{"start":{"line":128,"column":16},"end":{"line":128,"column":42}},"49":{"start":{"line":129,"column":19},"end":{"line":133,"column":13}},"50":{"start":{"line":130,"column":16},"end":{"line":130,"column":45}},"51":{"start":{"line":132,"column":16},"end":{"line":132,"column":43}},"52":{"start":{"line":135,"column":12},"end":{"line":141,"column":14}},"53":{"start":{"line":143,"column":12},"end":{"line":149,"column":15}},"54":{"start":{"line":151,"column":24},"end":{"line":154,"column":14}},"55":{"start":{"line":156,"column":12},"end":{"line":169,"column":13}},"56":{"start":{"line":157,"column":16},"end":{"line":168,"column":17}},"57":{"start":{"line":158,"column":20},"end":{"line":162,"column":22}},"58":{"start":{"line":163,"column":23},"end":{"line":168,"column":17}},"59":{"start":{"line":164,"column":20},"end":{"line":167,"column":22}},"60":{"start":{"line":172,"column":8},"end":{"line":199,"column":9}},"61":{"start":{"line":173,"column":33},"end":{"line":173,"column":73}},"62":{"start":{"line":175,"column":12},"end":{"line":177,"column":14}},"63":{"start":{"line":179,"column":12},"end":{"line":185,"column":15}},"64":{"start":{"line":187,"column":24},"end":{"line":190,"column":14}},"65":{"start":{"line":192,"column":12},"end":{"line":198,"column":13}},"66":{"start":{"line":193,"column":16},"end":{"line":197,"column":18}},"67":{"start":{"line":201,"column":8},"end":{"line":201,"column":34}},"68":{"start":{"line":205,"column":25},"end":{"line":207,"column":10}},"69":{"start":{"line":209,"column":8},"end":{"line":214,"column":9}},"70":{"start":{"line":210,"column":12},"end":{"line":213,"column":14}},"71":{"start":{"line":216,"column":8},"end":{"line":218,"column":11}},"72":{"start":{"line":220,"column":8},"end":{"line":223,"column":10}},"73":{"start":{"line":227,"column":20},"end":{"line":227,"column":30}},"74":{"start":{"line":229,"column":20},"end":{"line":237,"column":10}},"75":{"start":{"line":239,"column":8},"end":{"line":243,"column":9}},"76":{"start":{"line":240,"column":12},"end":{"line":242,"column":14}},"77":{"start":{"line":245,"column":8},"end":{"line":247,"column":11}},"78":{"start":{"line":249,"column":21},"end":{"line":249,"column":76}},"79":{"start":{"line":250,"column":8},"end":{"line":255,"column":9}},"80":{"start":{"line":251,"column":12},"end":{"line":254,"column":14}},"81":{"start":{"line":257,"column":8},"end":{"line":257,"column":33}},"82":{"start":{"line":265,"column":18},"end":{"line":270,"column":null}},"83":{"start":{"line":273,"column":23},"end":{"line":276,"column":10}},"84":{"start":{"line":278,"column":8},"end":{"line":281,"column":10}},"85":{"start":{"line":11,"column":0},"end":{"line":11,"column":13}},"86":{"start":{"line":11,"column":13},"end":{"line":11,"column":23}}},"fnMap":{"0":{"name":"(anonymous_13)","decl":{"start":{"line":15,"column":4},"end":{"line":15,"column":null}},"loc":{"start":{"line":17,"column":53},"end":{"line":20,"column":5}}},"1":{"name":"(anonymous_14)","decl":{"start":{"line":22,"column":10},"end":{"line":22,"column":28}},"loc":{"start":{"line":22,"column":75},"end":{"line":48,"column":null}}},"2":{"name":"(anonymous_16)","decl":{"start":{"line":50,"column":10},"end":{"line":50,"column":23}},"loc":{"start":{"line":50,"column":43},"end":{"line":202,"column":null}}},"3":{"name":"(anonymous_18)","decl":{"start":{"line":204,"column":10},"end":{"line":204,"column":28}},"loc":{"start":{"line":204,"column":43},"end":{"line":224,"column":null}}},"4":{"name":"(anonymous_20)","decl":{"start":{"line":226,"column":10},"end":{"line":226,"column":32}},"loc":{"start":{"line":226,"column":47},"end":{"line":258,"column":null}}},"5":{"name":"(anonymous_22)","decl":{"start":{"line":260,"column":10},"end":{"line":260,"column":34}},"loc":{"start":{"line":263,"column":22},"end":{"line":282,"column":null}}}},"branchMap":{"0":{"loc":{"start":{"line":23,"column":8},"end":{"line":27,"column":9}},"type":"if","locations":[{"start":{"line":23,"column":8},"end":{"line":27,"column":9}}]},"1":{"loc":{"start":{"line":53,"column":8},"end":{"line":111,"column":9}},"type":"if","locations":[{"start":{"line":53,"column":8},"end":{"line":111,"column":9}}]},"2":{"loc":{"start":{"line":58,"column":38},"end":{"line":58,"column":62}},"type":"cond-expr","locations":[{"start":{"line":58,"column":54},"end":{"line":58,"column":56}},{"start":{"line":58,"column":54},"end":{"line":58,"column":62}}]},"3":{"loc":{"start":{"line":58,"column":38},"end":{"line":58,"column":56}},"type":"binary-expr","locations":[{"start":{"line":58,"column":38},"end":{"line":58,"column":56}},{"start":{"line":58,"column":54},"end":{"line":58,"column":56}}]},"4":{"loc":{"start":{"line":59,"column":29},"end":{"line":59,"column":62}},"type":"cond-expr","locations":[{"start":{"line":59,"column":45},"end":{"line":59,"column":47}},{"start":{"line":59,"column":45},"end":{"line":59,"column":62}}]},"5":{"loc":{"start":{"line":59,"column":29},"end":{"line":59,"column":47}},"type":"binary-expr","locations":[{"start":{"line":59,"column":29},"end":{"line":59,"column":47}},{"start":{"line":59,"column":45},"end":{"line":59,"column":47}}]},"6":{"loc":{"start":{"line":65,"column":16},"end":{"line":70,"column":17}},"type":"if","locations":[{"start":{"line":65,"column":16},"end":{"line":70,"column":17}}]},"7":{"loc":{"start":{"line":75,"column":41},"end":{"line":75,"column":70}},"type":"cond-expr","locations":[{"start":{"line":75,"column":65},"end":{"line":75,"column":68}},{"start":{"line":75,"column":65},"end":{"line":75,"column":70}}]},"8":{"loc":{"start":{"line":75,"column":41},"end":{"line":75,"column":68}},"type":"binary-expr","locations":[{"start":{"line":75,"column":41},"end":{"line":75,"column":68}},{"start":{"line":75,"column":65},"end":{"line":75,"column":68}}]},"9":{"loc":{"start":{"line":75,"column":41},"end":{"line":75,"column":65}},"type":"cond-expr","locations":[{"start":{"line":75,"column":59},"end":{"line":75,"column":61}},{"start":{"line":75,"column":59},"end":{"line":75,"column":65}}]},"10":{"loc":{"start":{"line":75,"column":41},"end":{"line":75,"column":61}},"type":"binary-expr","locations":[{"start":{"line":75,"column":41},"end":{"line":75,"column":61}},{"start":{"line":75,"column":59},"end":{"line":75,"column":61}}]},"11":{"loc":{"start":{"line":77,"column":32},"end":{"line":81,"column":45}},"type":"cond-expr","locations":[{"start":{"line":78,"column":22},"end":{"line":78,"column":74}},{"start":{"line":79,"column":22},"end":{"line":81,"column":45}}]},"12":{"loc":{"start":{"line":77,"column":32},"end":{"line":77,"column":68}},"type":"cond-expr","locations":[{"start":{"line":77,"column":48},"end":{"line":77,"column":50}},{"start":{"line":77,"column":32},"end":{"line":77,"column":68}}]},"13":{"loc":{"start":{"line":77,"column":32},"end":{"line":77,"column":50}},"type":"binary-expr","locations":[{"start":{"line":77,"column":32},"end":{"line":77,"column":50}},{"start":{"line":77,"column":32},"end":{"line":77,"column":50}}]},"14":{"loc":{"start":{"line":79,"column":22},"end":{"line":81,"column":45}},"type":"cond-expr","locations":[{"start":{"line":80,"column":22},"end":{"line":80,"column":46}},{"start":{"line":81,"column":22},"end":{"line":81,"column":45}}]},"15":{"loc":{"start":{"line":89,"column":32},"end":{"line":91,"column":46}},"type":"cond-expr","locations":[{"start":{"line":90,"column":30},"end":{"line":90,"column":49}},{"start":{"line":91,"column":30},"end":{"line":91,"column":46}}]},"16":{"loc":{"start":{"line":100,"column":16},"end":{"line":106,"column":17}},"type":"if","locations":[{"start":{"line":100,"column":16},"end":{"line":106,"column":17}}]},"17":{"loc":{"start":{"line":113,"column":8},"end":{"line":170,"column":9}},"type":"if","locations":[{"start":{"line":113,"column":8},"end":{"line":170,"column":9}}]},"18":{"loc":{"start":{"line":115,"column":37},"end":{"line":115,"column":66}},"type":"cond-expr","locations":[{"start":{"line":115,"column":61},"end":{"line":115,"column":64}},{"start":{"line":115,"column":61},"end":{"line":115,"column":66}}]},"19":{"loc":{"start":{"line":115,"column":37},"end":{"line":115,"column":64}},"type":"binary-expr","locations":[{"start":{"line":115,"column":37},"end":{"line":115,"column":64}},{"start":{"line":115,"column":61},"end":{"line":115,"column":64}}]},"20":{"loc":{"start":{"line":115,"column":37},"end":{"line":115,"column":61}},"type":"cond-expr","locations":[{"start":{"line":115,"column":55},"end":{"line":115,"column":57}},{"start":{"line":115,"column":55},"end":{"line":115,"column":61}}]},"21":{"loc":{"start":{"line":115,"column":37},"end":{"line":115,"column":57}},"type":"binary-expr","locations":[{"start":{"line":115,"column":37},"end":{"line":115,"column":57}},{"start":{"line":115,"column":55},"end":{"line":115,"column":57}}]},"22":{"loc":{"start":{"line":118,"column":28},"end":{"line":120,"column":27}},"type":"cond-expr","locations":[{"start":{"line":119,"column":18},"end":{"line":119,"column":70}},{"start":{"line":120,"column":18},"end":{"line":120,"column":27}}]},"23":{"loc":{"start":{"line":118,"column":28},"end":{"line":118,"column":64}},"type":"cond-expr","locations":[{"start":{"line":118,"column":44},"end":{"line":118,"column":46}},{"start":{"line":118,"column":28},"end":{"line":118,"column":64}}]},"24":{"loc":{"start":{"line":118,"column":28},"end":{"line":118,"column":46}},"type":"binary-expr","locations":[{"start":{"line":118,"column":28},"end":{"line":118,"column":46}},{"start":{"line":118,"column":28},"end":{"line":118,"column":46}}]},"25":{"loc":{"start":{"line":123,"column":12},"end":{"line":133,"column":13}},"type":"if","locations":[{"start":{"line":123,"column":12},"end":{"line":133,"column":13}},{"start":{"line":125,"column":19},"end":{"line":133,"column":13}}]},"26":{"loc":{"start":{"line":123,"column":16},"end":{"line":123,"column":77}},"type":"binary-expr","locations":[{"start":{"line":123,"column":16},"end":{"line":123,"column":49}},{"start":{"line":123,"column":53},"end":{"line":123,"column":60}},{"start":{"line":123,"column":64},"end":{"line":123,"column":77}}]},"27":{"loc":{"start":{"line":125,"column":19},"end":{"line":133,"column":13}},"type":"if","locations":[{"start":{"line":125,"column":19},"end":{"line":133,"column":13}},{"start":{"line":127,"column":19},"end":{"line":133,"column":13}}]},"28":{"loc":{"start":{"line":127,"column":19},"end":{"line":133,"column":13}},"type":"if","locations":[{"start":{"line":127,"column":19},"end":{"line":133,"column":13}},{"start":{"line":129,"column":19},"end":{"line":133,"column":13}}]},"29":{"loc":{"start":{"line":129,"column":19},"end":{"line":133,"column":13}},"type":"if","locations":[{"start":{"line":129,"column":19},"end":{"line":133,"column":13}},{"start":{"line":131,"column":19},"end":{"line":133,"column":13}}]},"30":{"loc":{"start":{"line":139,"column":20},"end":{"line":139,"column":null}},"type":"cond-expr","locations":[{"start":{"line":139,"column":42},"end":{"line":139,"column":46}},{"start":{"line":139,"column":46},"end":{"line":139,"column":null}}]},"31":{"loc":{"start":{"line":139,"column":20},"end":{"line":139,"column":46}},"type":"binary-expr","locations":[{"start":{"line":139,"column":20},"end":{"line":139,"column":46}},{"start":{"line":139,"column":42},"end":{"line":139,"column":46}}]},"32":{"loc":{"start":{"line":139,"column":20},"end":{"line":139,"column":42}},"type":"cond-expr","locations":[{"start":{"line":139,"column":27},"end":{"line":139,"column":29}},{"start":{"line":139,"column":20},"end":{"line":139,"column":42}}]},"33":{"loc":{"start":{"line":139,"column":20},"end":{"line":139,"column":29}},"type":"binary-expr","locations":[{"start":{"line":139,"column":20},"end":{"line":139,"column":29}},{"start":{"line":139,"column":20},"end":{"line":139,"column":29}}]},"34":{"loc":{"start":{"line":147,"column":24},"end":{"line":147,"column":50}},"type":"cond-expr","locations":[{"start":{"line":147,"column":34},"end":{"line":147,"column":45}},{"start":{"line":147,"column":48},"end":{"line":147,"column":50}}]},"35":{"loc":{"start":{"line":156,"column":12},"end":{"line":169,"column":13}},"type":"if","locations":[{"start":{"line":156,"column":12},"end":{"line":169,"column":13}}]},"36":{"loc":{"start":{"line":156,"column":16},"end":{"line":156,"column":31}},"type":"binary-expr","locations":[{"start":{"line":156,"column":16},"end":{"line":156,"column":19}},{"start":{"line":156,"column":23},"end":{"line":156,"column":31}}]},"37":{"loc":{"start":{"line":157,"column":16},"end":{"line":168,"column":17}},"type":"if","locations":[{"start":{"line":157,"column":16},"end":{"line":168,"column":17}},{"start":{"line":163,"column":23},"end":{"line":168,"column":17}}]},"38":{"loc":{"start":{"line":157,"column":20},"end":{"line":157,"column":76}},"type":"binary-expr","locations":[{"start":{"line":157,"column":20},"end":{"line":157,"column":50}},{"start":{"line":157,"column":54},"end":{"line":157,"column":76}}]},"39":{"loc":{"start":{"line":157,"column":61},"end":{"line":157,"column":75}},"type":"cond-expr","locations":[{"start":{"line":157,"column":61},"end":{"line":157,"column":68}},{"start":{"line":157,"column":72},"end":{"line":157,"column":75}}]},"40":{"loc":{"start":{"line":157,"column":61},"end":{"line":157,"column":72}},"type":"binary-expr","locations":[{"start":{"line":157,"column":61},"end":{"line":157,"column":72}},{"start":{"line":157,"column":61},"end":{"line":157,"column":72}}]},"41":{"loc":{"start":{"line":163,"column":23},"end":{"line":168,"column":17}},"type":"if","locations":[{"start":{"line":163,"column":23},"end":{"line":168,"column":17}}]},"42":{"loc":{"start":{"line":172,"column":8},"end":{"line":199,"column":9}},"type":"if","locations":[{"start":{"line":172,"column":8},"end":{"line":199,"column":9}}]},"43":{"loc":{"start":{"line":192,"column":12},"end":{"line":198,"column":13}},"type":"if","locations":[{"start":{"line":192,"column":12},"end":{"line":198,"column":13}}]},"44":{"loc":{"start":{"line":192,"column":16},"end":{"line":192,"column":31}},"type":"binary-expr","locations":[{"start":{"line":192,"column":16},"end":{"line":192,"column":19}},{"start":{"line":192,"column":23},"end":{"line":192,"column":31}}]},"45":{"loc":{"start":{"line":209,"column":8},"end":{"line":214,"column":9}},"type":"if","locations":[{"start":{"line":209,"column":8},"end":{"line":214,"column":9}}]},"46":{"loc":{"start":{"line":209,"column":12},"end":{"line":209,"column":55}},"type":"binary-expr","locations":[{"start":{"line":209,"column":12},"end":{"line":209,"column":21}},{"start":{"line":209,"column":25},"end":{"line":209,"column":55}}]},"47":{"loc":{"start":{"line":239,"column":8},"end":{"line":243,"column":9}},"type":"if","locations":[{"start":{"line":239,"column":8},"end":{"line":243,"column":9}}]},"48":{"loc":{"start":{"line":239,"column":13},"end":{"line":239,"column":38}},"type":"cond-expr","locations":[{"start":{"line":239,"column":16},"end":{"line":239,"column":18}},{"start":{"line":239,"column":13},"end":{"line":239,"column":38}}]},"49":{"loc":{"start":{"line":239,"column":13},"end":{"line":239,"column":18}},"type":"binary-expr","locations":[{"start":{"line":239,"column":13},"end":{"line":239,"column":18}},{"start":{"line":239,"column":13},"end":{"line":239,"column":18}}]},"50":{"loc":{"start":{"line":250,"column":8},"end":{"line":255,"column":9}},"type":"if","locations":[{"start":{"line":250,"column":8},"end":{"line":255,"column":9}}]},"51":{"loc":{"start":{"line":267,"column":16},"end":{"line":267,"column":42}},"type":"cond-expr","locations":[{"start":{"line":267,"column":26},"end":{"line":267,"column":37}},{"start":{"line":267,"column":40},"end":{"line":267,"column":42}}]},"52":{"loc":{"start":{"line":268,"column":16},"end":{"line":270,"column":20}},"type":"cond-expr","locations":[{"start":{"line":269,"column":18},"end":{"line":269,"column":45}},{"start":{"line":270,"column":18},"end":{"line":270,"column":20}}]}},"s":{"0":2,"1":2,"2":2,"3":2,"4":2,"5":2,"6":2,"7":10,"8":10,"9":10,"10":10,"11":2,"12":1,"13":1,"14":1,"15":1,"16":1,"17":3,"18":3,"19":1,"20":1,"21":1,"22":1,"23":1,"24":1,"25":1,"26":1,"27":0,"28":0,"29":1,"30":1,"31":1,"32":1,"33":1,"34":1,"35":1,"36":0,"37":0,"38":3,"39":1,"40":1,"41":1,"42":1,"43":1,"44":0,"45":1,"46":1,"47":0,"48":0,"49":0,"50":0,"51":0,"52":1,"53":1,"54":1,"55":1,"56":1,"57":1,"58":0,"59":0,"60":3,"61":1,"62":1,"63":1,"64":1,"65":1,"66":1,"67":3,"68":2,"69":2,"70":1,"71":1,"72":1,"73":2,"74":2,"75":2,"76":1,"77":1,"78":1,"79":1,"80":1,"81":1,"82":1,"83":1,"84":1,"85":2,"86":4},"f":{"0":10,"1":2,"2":3,"3":2,"4":2,"5":1},"b":{"0":[1],"1":[1],"2":[0,1],"3":[1,1],"4":[0,1],"5":[1,1],"6":[0],"7":[0,1],"8":[1,1],"9":[0,1],"10":[1,1],"11":[1,0],"12":[0,1],"13":[1,1],"14":[0,0],"15":[0,1],"16":[1],"17":[1],"18":[0,1],"19":[1,1],"20":[0,1],"21":[1,1],"22":[1,0],"23":[0,1],"24":[1,1],"25":[0,1],"26":[1,1,1],"27":[1,0],"28":[0,0],"29":[0,0],"30":[1,0],"31":[1,1],"32":[0,1],"33":[1,1],"34":[1,0],"35":[1],"36":[1,1],"37":[1,0],"38":[1,1],"39":[1,0],"40":[1,1],"41":[0],"42":[1],"43":[1],"44":[1,1],"45":[1],"46":[2,1],"47":[1],"48":[1,1],"49":[2,1],"50":[1],"51":[1,0],"52":[1,0]}}
}
