TN:
SF:backend\ms-friends\src\app.service.ts
FN:5,(anonymous_6)
FNF:1
FNH:0
FNDA:0,(anonymous_6)
DA:1,0
DA:3,0
DA:4,0
DA:6,0
LF:4
LH:0
BRF:0
BRH:0
end_of_record
TN:
SF:backend\ms-friends\src\filters\global-rpc-exception.filter.ts
FN:18,(anonymous_7)
FN:42,(anonymous_8)
FNF:2
FNH:0
FNDA:0,(anonymous_7)
FNDA:0,(anonymous_8)
DA:1,0
DA:11,0
DA:12,0
DA:14,0
DA:15,0
DA:16,0
DA:26,0
DA:27,0
DA:29,0
DA:31,0
DA:34,0
DA:35,0
DA:37,0
DA:40,0
DA:41,0
DA:42,0
LF:16
LH:0
BRDA:29,0,0,0
BRDA:29,0,1,0
BRDA:36,1,0,0
BRDA:36,1,1,0
BRF:4
BRH:0
end_of_record
TN:
SF:backend\ms-friends\src\filters\prisma-rpc-exception.filter.ts
FN:16,(anonymous_7)
FN:52,(anonymous_8)
FNF:2
FNH:0
FNDA:0,(anonymous_7)
FNDA:0,(anonymous_8)
DA:1,0
DA:8,0
DA:9,0
DA:10,0
DA:12,0
DA:13,0
DA:14,0
DA:20,0
DA:21,0
DA:24,0
DA:26,0
DA:27,0
DA:29,0
DA:31,0
DA:32,0
DA:33,0
DA:35,0
DA:36,0
DA:37,0
DA:39,0
DA:40,0
DA:42,0
DA:44,0
DA:50,0
DA:51,0
DA:53,0
LF:26
LH:0
BRDA:24,0,0,0
BRDA:24,0,1,0
BRDA:29,1,0,0
BRDA:29,1,1,0
BRDA:29,1,2,0
BRDA:29,1,3,0
BRF:6
BRH:0
end_of_record
TN:
SF:backend\ms-friends\src\friends\friends.service.ts
FN:8,(anonymous_13)
FN:57,(anonymous_15)
FN:78,(anonymous_17)
FN:138,(anonymous_19)
FN:156,(anonymous_21)
FN:176,(anonymous_22)
FN:238,(anonymous_24)
FN:252,(anonymous_25)
FNF:8
FNH:8
FNDA:4,(anonymous_13)
FNDA:2,(anonymous_15)
FNDA:3,(anonymous_17)
FNDA:1,(anonymous_19)
FNDA:1,(anonymous_21)
FNDA:1,(anonymous_22)
FNDA:1,(anonymous_24)
FNDA:1,(anonymous_25)
DA:2,1
DA:3,1
DA:4,1
DA:6,1
DA:7,2
DA:9,4
DA:10,1
DA:17,3
DA:18,3
DA:22,3
DA:23,1
DA:30,2
DA:39,2
DA:40,1
DA:47,1
DA:51,1
DA:58,2
DA:67,2
DA:68,1
DA:75,1
DA:83,3
DA:87,3
DA:88,1
DA:95,2
DA:96,0
DA:103,2
DA:104,0
DA:111,2
DA:112,1
DA:117,1
DA:123,1
DA:128,1
DA:131,1
DA:139,1
DA:156,1
DA:177,1
DA:207,1
DA:237,1
DA:238,1
DA:252,1
LF:40
LH:38
BRDA:9,0,0,1
BRDA:9,1,0,4
BRDA:9,1,1,4
BRDA:9,1,2,4
BRDA:22,2,0,1
BRDA:22,3,0,3
BRDA:22,3,1,2
BRDA:39,4,0,1
BRDA:67,5,0,1
BRDA:87,6,0,1
BRDA:95,7,0,0
BRDA:103,8,0,0
BRDA:111,9,0,1
BRDA:111,9,1,1
BRDA:118,10,0,1
BRDA:118,10,1,0
BRDA:158,11,0,1
BRDA:158,11,1,0
BRDA:162,12,0,1
BRDA:162,12,1,0
BRDA:166,13,0,1
BRDA:166,13,1,0
BRDA:170,14,0,1
BRDA:170,14,1,0
BRDA:171,15,0,1
BRDA:171,15,1,0
BRDA:171,16,0,0
BRDA:171,16,1,1
BRDA:171,17,0,1
BRDA:171,17,1,1
BRDA:172,18,0,0
BRDA:172,18,1,0
BRDA:172,19,0,0
BRDA:172,19,1,0
BRDA:172,20,0,0
BRDA:172,20,1,0
BRDA:248,21,0,1
BRDA:248,21,1,0
BRDA:262,22,0,1
BRDA:262,22,1,0
BRF:40
BRH:23
end_of_record
TN:
SF:backend\ms-friends\src\prisma\prisma.service.ts
FNF:0
FNH:0
DA:1,0
DA:3,0
DA:8,0
DA:16,0
DA:18,0
LF:5
LH:0
BRDA:8,0,0,0
BRDA:8,0,1,0
BRDA:8,1,0,0
BRDA:8,1,1,0
BRDA:11,2,0,0
BRDA:11,2,1,0
BRDA:16,3,0,0
BRF:7
BRH:0
end_of_record
TN:
SF:backend\ms-friends\src\utils\error.utils.ts
FN:3,handleRpcError
FNF:1
FNH:0
FNDA:0,handleRpcError
DA:1,0
DA:3,0
DA:4,0
LF:3
LH:0
BRF:0
BRH:0
end_of_record
TN:
SF:backend\ms-game-cinema-1\src\admin\admin.service.ts
FN:9,(anonymous_13)
FN:23,(anonymous_15)
FN:39,(anonymous_17)
FN:43,(anonymous_18)
FN:51,(anonymous_19)
FN:56,(anonymous_20)
FN:68,(anonymous_22)
FN:99,(anonymous_23)
FNF:8
FNH:7
FNDA:1,(anonymous_13)
FNDA:1,(anonymous_15)
FNDA:2,(anonymous_17)
FNDA:31,(anonymous_18)
FNDA:31,(anonymous_19)
FNDA:2,(anonymous_20)
FNDA:2,(anonymous_22)
FNDA:0,(anonymous_23)
DA:1,1
DA:2,1
DA:4,1
DA:6,1
DA:7,2
DA:10,1
DA:11,1
DA:12,1
DA:14,1
DA:15,3
DA:16,3
DA:19,1
DA:24,1
DA:25,1
DA:26,1
DA:28,1
DA:38,1
DA:39,2
DA:41,1
DA:44,31
DA:49,1
DA:51,31
DA:58,2
DA:63,2
DA:68,2
DA:71,2
DA:80,2
DA:81,1
DA:85,1
DA:87,1
DA:88,1
DA:89,1
DA:96,1
DA:100,0
DA:105,0
LF:35
LH:33
BRDA:80,0,0,1
BRF:1
BRH:1
end_of_record
TN:
SF:backend\ms-game-cinema-1\src\filters\global-rpc-exception.filter.ts
FN:18,(anonymous_7)
FN:42,(anonymous_8)
FNF:2
FNH:0
FNDA:0,(anonymous_7)
FNDA:0,(anonymous_8)
DA:1,0
DA:11,0
DA:12,0
DA:14,0
DA:15,0
DA:16,0
DA:26,0
DA:27,0
DA:29,0
DA:31,0
DA:34,0
DA:35,0
DA:37,0
DA:40,0
DA:41,0
DA:42,0
LF:16
LH:0
BRDA:29,0,0,0
BRDA:29,0,1,0
BRDA:36,1,0,0
BRDA:36,1,1,0
BRF:4
BRH:0
end_of_record
TN:
SF:backend\ms-game-cinema-1\src\filters\prisma-rpc-exception.filter.ts
FN:16,(anonymous_7)
FN:54,(anonymous_8)
FNF:2
FNH:0
FNDA:0,(anonymous_7)
FNDA:0,(anonymous_8)
DA:1,0
DA:8,0
DA:9,0
DA:10,0
DA:12,0
DA:13,0
DA:14,0
DA:20,0
DA:21,0
DA:23,0
DA:26,0
DA:28,0
DA:29,0
DA:31,0
DA:33,0
DA:34,0
DA:35,0
DA:37,0
DA:38,0
DA:39,0
DA:41,0
DA:42,0
DA:44,0
DA:46,0
DA:52,0
DA:53,0
DA:55,0
LF:27
LH:0
BRDA:26,0,0,0
BRDA:26,0,1,0
BRDA:31,1,0,0
BRDA:31,1,1,0
BRDA:31,1,2,0
BRDA:31,1,3,0
BRF:6
BRH:0
end_of_record
TN:
SF:backend\ms-game-cinema-1\src\prisma\prisma.service.ts
FNF:0
FNH:0
DA:1,0
DA:3,0
DA:8,0
DA:16,0
DA:18,0
LF:5
LH:0
BRDA:8,0,0,0
BRDA:8,0,1,0
BRDA:8,1,0,0
BRDA:8,1,1,0
BRDA:11,2,0,0
BRDA:11,2,1,0
BRDA:16,3,0,0
BRF:7
BRH:0
end_of_record
TN:
SF:backend\ms-game-cinema-1\src\utils\error.utils.ts
FN:3,handleRpcError
FNF:1
FNH:0
FNDA:0,handleRpcError
DA:1,0
DA:3,0
DA:4,0
LF:3
LH:0
BRF:0
BRH:0
end_of_record
TN:
SF:backend\ms-game-cinema-2\src\admin\admin.service.ts
FN:9,(anonymous_13)
FN:23,(anonymous_15)
FN:39,(anonymous_17)
FN:43,(anonymous_18)
FN:51,(anonymous_19)
FN:56,(anonymous_20)
FN:69,(anonymous_22)
FN:107,(anonymous_23)
FNF:8
FNH:7
FNDA:1,(anonymous_13)
FNDA:1,(anonymous_15)
FNDA:2,(anonymous_17)
FNDA:31,(anonymous_18)
FNDA:31,(anonymous_19)
FNDA:2,(anonymous_20)
FNDA:2,(anonymous_22)
FNDA:0,(anonymous_23)
DA:1,1
DA:2,1
DA:4,1
DA:6,1
DA:7,2
DA:10,1
DA:11,1
DA:12,1
DA:14,1
DA:15,3
DA:16,3
DA:19,1
DA:24,1
DA:25,1
DA:26,1
DA:28,1
DA:38,1
DA:39,2
DA:41,1
DA:44,31
DA:49,1
DA:51,31
DA:58,2
DA:63,2
DA:69,2
DA:72,2
DA:90,2
DA:91,1
DA:95,1
DA:97,1
DA:104,1
DA:108,0
DA:113,0
LF:33
LH:31
BRDA:90,0,0,1
BRF:1
BRH:1
end_of_record
TN:
SF:backend\ms-game-cinema-2\src\filters\global-rpc-exception.filter.ts
FN:18,(anonymous_7)
FN:42,(anonymous_8)
FNF:2
FNH:0
FNDA:0,(anonymous_7)
FNDA:0,(anonymous_8)
DA:1,0
DA:11,0
DA:12,0
DA:14,0
DA:15,0
DA:16,0
DA:26,0
DA:27,0
DA:29,0
DA:31,0
DA:34,0
DA:35,0
DA:37,0
DA:40,0
DA:41,0
DA:42,0
LF:16
LH:0
BRDA:29,0,0,0
BRDA:29,0,1,0
BRDA:36,1,0,0
BRDA:36,1,1,0
BRF:4
BRH:0
end_of_record
TN:
SF:backend\ms-game-cinema-2\src\filters\prisma-rpc-exception.filter.ts
FN:16,(anonymous_7)
FN:52,(anonymous_8)
FNF:2
FNH:0
FNDA:0,(anonymous_7)
FNDA:0,(anonymous_8)
DA:1,0
DA:8,0
DA:9,0
DA:10,0
DA:12,0
DA:13,0
DA:14,0
DA:20,0
DA:21,0
DA:24,0
DA:26,0
DA:27,0
DA:29,0
DA:31,0
DA:32,0
DA:33,0
DA:35,0
DA:36,0
DA:37,0
DA:39,0
DA:40,0
DA:42,0
DA:44,0
DA:50,0
DA:51,0
DA:53,0
LF:26
LH:0
BRDA:24,0,0,0
BRDA:24,0,1,0
BRDA:29,1,0,0
BRDA:29,1,1,0
BRDA:29,1,2,0
BRDA:29,1,3,0
BRF:6
BRH:0
end_of_record
TN:
SF:backend\ms-game-cinema-2\src\prisma\prisma.service.ts
FNF:0
FNH:0
DA:1,0
DA:3,0
DA:8,0
DA:16,0
DA:18,0
LF:5
LH:0
BRDA:8,0,0,0
BRDA:8,0,1,0
BRDA:8,1,0,0
BRDA:8,1,1,0
BRDA:11,2,0,0
BRDA:11,2,1,0
BRDA:16,3,0,0
BRF:7
BRH:0
end_of_record
TN:
SF:backend\ms-game-cinema-2\src\utils\error.utils.ts
FN:3,handleRpcError
FNF:1
FNH:0
FNDA:0,handleRpcError
DA:1,0
DA:3,0
DA:4,0
LF:3
LH:0
BRF:0
BRH:0
end_of_record
TN:
SF:backend\ms-gateway\src\app.service.ts
FN:5,(anonymous_6)
FNF:1
FNH:0
FNDA:0,(anonymous_6)
DA:1,0
DA:3,0
DA:4,0
DA:6,0
LF:4
LH:0
BRF:0
BRH:0
end_of_record
TN:
SF:backend\ms-gateway\src\auth\auth.guard.ts
FN:11,(anonymous_6)
FN:15,(anonymous_7)
FN:28,(anonymous_8)
FNF:3
FNH:0
FNDA:0,(anonymous_6)
FNDA:0,(anonymous_7)
FNDA:0,(anonymous_8)
DA:1,0
DA:6,0
DA:9,0
DA:10,0
DA:11,0
DA:12,0
DA:16,0
DA:21,0
DA:22,0
DA:25,0
DA:33,0
DA:34,0
DA:36,0
DA:37,0
DA:41,0
DA:42,0
DA:44,0
DA:45,0
DA:48,0
DA:51,0
LF:20
LH:0
BRDA:21,0,0,0
BRDA:33,1,0,0
BRDA:33,2,0,0
BRDA:33,2,1,0
BRDA:34,3,0,0
BRDA:34,3,1,0
BRDA:36,4,0,0
BRDA:41,5,0,0
BRDA:44,6,0,0
BRF:9
BRH:0
end_of_record
TN:
SF:backend\ms-gateway\src\auth\jwt.strategy.ts
FN:8,(anonymous_6)
FN:15,(anonymous_7)
FNF:2
FNH:0
FNDA:0,(anonymous_6)
FNDA:0,(anonymous_7)
DA:1,0
DA:2,0
DA:3,0
DA:6,0
DA:7,0
DA:9,0
DA:17,0
LF:7
LH:0
BRDA:11,0,0,0
BRDA:11,0,1,0
BRF:2
BRH:0
end_of_record
TN:
SF:backend\ms-gateway\src\auth\public.decorator.ts
FN:3,(anonymous_0)
FNF:1
FNH:0
FNDA:0,(anonymous_0)
DA:1,0
DA:3,0
LF:2
LH:0
BRF:0
BRH:0
end_of_record
TN:
SF:backend\ms-gateway\src\auth\roles.decorator.ts
FN:3,(anonymous_0)
FNF:1
FNH:0
FNDA:0,(anonymous_0)
DA:1,0
DA:3,0
LF:2
LH:0
BRF:0
BRH:0
end_of_record
TN:
SF:backend\ms-gateway\src\auth\roles.guard.ts
FN:12,(anonymous_6)
FN:14,(anonymous_7)
FNF:2
FNH:0
FNDA:0,(anonymous_6)
FNDA:0,(anonymous_7)
DA:1,0
DA:10,0
DA:11,0
DA:12,0
DA:15,0
DA:19,0
DA:20,0
DA:23,0
DA:24,0
DA:28,0
DA:29,0
DA:34,0
LF:12
LH:0
BRDA:19,0,0,0
BRDA:19,1,0,0
BRDA:19,1,1,0
BRDA:28,2,0,0
BRDA:28,3,0,0
BRDA:28,3,1,0
BRDA:28,3,2,0
BRF:7
BRH:0
end_of_record
TN:
SF:backend\ms-gateway\src\avatar\dto\avatar-asset.dto.ts
FNF:0
FNH:0
DA:1,0
LF:1
LH:0
BRF:0
BRH:0
end_of_record
TN:
SF:backend\ms-gateway\src\avatar\dto\color.dto.ts
FNF:0
FNH:0
DA:1,0
LF:1
LH:0
BRF:0
BRH:0
end_of_record
TN:
SF:backend\ms-gateway\src\common\cache.service.ts
FN:7,(anonymous_7)
FN:17,(anonymous_8)
FN:21,(anonymous_9)
FNF:3
FNH:3
FNDA:5,(anonymous_7)
FNDA:4,(anonymous_8)
FNDA:1,(anonymous_9)
DA:1,1
DA:3,1
DA:4,2
DA:5,5
DA:8,5
DA:9,5
DA:10,3
DA:11,1
DA:12,1
DA:14,2
DA:18,4
DA:22,1
LF:12
LH:12
BRDA:9,0,0,2
BRDA:10,1,0,1
BRDA:17,2,0,0
BRF:3
BRH:2
end_of_record
TN:
SF:backend\ms-gateway\src\common\http-logger.interceptor.ts
FN:14,(anonymous_7)
FN:35,(anonymous_8)
FN:43,filterSensitiveData
FNF:3
FNH:3
FNDA:4,(anonymous_7)
FNDA:3,(anonymous_8)
FNDA:4,filterSensitiveData
DA:1,1
DA:8,1
DA:10,1
DA:11,2
DA:12,4
DA:15,4
DA:16,4
DA:18,4
DA:20,4
DA:22,4
DA:27,4
DA:28,1
DA:31,1
DA:34,3
DA:36,3
DA:44,4
DA:45,4
DA:46,4
DA:54,4
DA:55,20
DA:56,2
DA:60,4
LF:22
LH:22
BRDA:18,0,0,4
BRDA:18,0,1,3
BRDA:18,0,2,2
BRDA:18,1,0,1
BRDA:18,1,1,3
BRDA:18,2,0,4
BRDA:18,2,1,4
BRDA:18,3,0,1
BRDA:18,3,1,2
BRDA:18,4,0,3
BRDA:18,4,1,3
BRDA:22,5,0,3
BRDA:22,5,1,1
BRDA:22,6,0,4
BRDA:22,6,1,4
BRDA:27,7,0,1
BRDA:44,8,0,0
BRDA:55,9,0,2
BRF:18
BRH:17
end_of_record
TN:
SF:backend\ms-gateway\src\common\rpc-client-logger.service.ts
FN:9,(anonymous_7)
FN:30,(anonymous_8)
FNF:2
FNH:2
FNDA:2,(anonymous_7)
FNDA:3,(anonymous_8)
DA:2,1
DA:5,1
DA:6,2
DA:7,3
DA:20,2
DA:21,2
DA:31,3
DA:32,3
DA:33,6
DA:35,3
LF:10
LH:10
BRDA:23,0,0,1
BRDA:23,0,1,1
BRDA:23,1,0,2
BRDA:23,1,1,2
BRDA:23,2,0,1
BRDA:23,2,1,1
BRDA:23,3,0,2
BRDA:23,3,1,2
BRDA:33,4,0,4
BRF:9
BRH:9
end_of_record
TN:
SF:backend\ms-gateway\src\common\rpc-exception-handler.service.ts
FN:18,(anonymous_7)
FNF:1
FNH:1
FNDA:5,(anonymous_7)
DA:1,1
DA:14,1
DA:15,2
DA:16,5
DA:19,5
DA:21,3
DA:22,3
DA:23,1
DA:24,1
DA:28,1
DA:33,2
DA:34,2
DA:38,1
DA:46,3
DA:47,3
LF:15
LH:15
BRDA:19,0,0,3
BRDA:19,1,0,5
BRDA:19,1,1,4
BRDA:22,2,0,1
BRDA:22,3,0,3
BRDA:22,3,1,1
BRDA:24,4,0,1
BRDA:25,5,0,1
BRDA:25,5,1,1
BRDA:34,6,0,1
BRDA:35,7,0,2
BRDA:35,7,1,1
BRF:12
BRH:12
end_of_record
TN:
SF:backend\ms-gateway\src\filters\exception.filter.ts
FN:14,(anonymous_7)
FN:83,(anonymous_8)
FNF:2
FNH:0
FNDA:0,(anonymous_7)
FNDA:0,(anonymous_8)
DA:1,0
DA:10,0
DA:11,0
DA:12,0
DA:15,0
DA:16,0
DA:18,0
DA:19,0
DA:26,0
DA:27,0
DA:28,0
DA:30,0
DA:31,0
DA:32,0
DA:40,0
DA:48,0
DA:56,0
DA:61,0
DA:62,0
DA:70,0
DA:76,0
DA:79,0
DA:84,0
DA:86,0
DA:88,0
DA:90,0
DA:92,0
DA:94,0
DA:96,0
DA:98,0
DA:100,0
LF:31
LH:0
BRDA:26,0,0,0
BRDA:26,0,1,0
BRDA:30,1,0,0
BRDA:30,1,1,0
BRDA:30,2,0,0
BRDA:30,2,1,0
BRDA:34,3,0,0
BRDA:34,3,1,0
BRDA:36,4,0,0
BRDA:36,4,1,0
BRDA:48,5,0,0
BRDA:48,5,1,0
BRDA:49,6,0,0
BRDA:49,6,1,0
BRDA:49,6,2,0
BRDA:49,6,3,0
BRDA:49,6,4,0
BRDA:49,6,5,0
BRDA:65,7,0,0
BRDA:65,7,1,0
BRDA:84,8,0,0
BRDA:84,8,1,0
BRDA:84,8,2,0
BRDA:84,8,3,0
BRDA:84,8,4,0
BRDA:84,8,5,0
BRDA:84,8,6,0
BRDA:84,8,7,0
BRF:28
BRH:0
end_of_record
TN:
SF:backend\ms-leaderboard\src\filters\global-rpc-exception.filter.ts
FN:18,(anonymous_7)
FN:42,(anonymous_8)
FNF:2
FNH:0
FNDA:0,(anonymous_7)
FNDA:0,(anonymous_8)
DA:1,0
DA:11,0
DA:12,0
DA:14,0
DA:15,0
DA:16,0
DA:26,0
DA:27,0
DA:29,0
DA:31,0
DA:34,0
DA:35,0
DA:37,0
DA:40,0
DA:41,0
DA:42,0
LF:16
LH:0
BRDA:29,0,0,0
BRDA:29,0,1,0
BRDA:36,1,0,0
BRDA:36,1,1,0
BRF:4
BRH:0
end_of_record
TN:
SF:backend\ms-leaderboard\src\filters\prisma-rpc-exception.filter.ts
FN:16,(anonymous_7)
FN:52,(anonymous_8)
FNF:2
FNH:0
FNDA:0,(anonymous_7)
FNDA:0,(anonymous_8)
DA:1,0
DA:8,0
DA:9,0
DA:10,0
DA:12,0
DA:13,0
DA:14,0
DA:20,0
DA:21,0
DA:24,0
DA:26,0
DA:27,0
DA:29,0
DA:31,0
DA:32,0
DA:33,0
DA:35,0
DA:36,0
DA:37,0
DA:39,0
DA:40,0
DA:42,0
DA:44,0
DA:50,0
DA:51,0
DA:53,0
LF:26
LH:0
BRDA:24,0,0,0
BRDA:24,0,1,0
BRDA:29,1,0,0
BRDA:29,1,1,0
BRDA:29,1,2,0
BRDA:29,1,3,0
BRF:6
BRH:0
end_of_record
TN:
SF:backend\ms-leaderboard\src\leaderboard\leaderboard.service.ts
FN:8,(anonymous_13)
FN:17,(anonymous_15)
FN:22,(anonymous_16)
FN:38,(anonymous_18)
FN:58,(anonymous_20)
FN:78,(anonymous_22)
FN:98,(anonymous_24)
FN:120,(anonymous_26)
FN:142,(anonymous_28)
FN:142,(anonymous_29)
FN:185,(anonymous_30)
FN:204,(anonymous_31)
FN:204,(anonymous_32)
FN:205,(anonymous_33)
FN:277,(anonymous_34)
FNF:15
FNH:12
FNDA:1,(anonymous_13)
FNDA:1,(anonymous_15)
FNDA:1,(anonymous_16)
FNDA:1,(anonymous_18)
FNDA:0,(anonymous_20)
FNDA:1,(anonymous_22)
FNDA:0,(anonymous_24)
FNDA:0,(anonymous_26)
FNDA:3,(anonymous_28)
FNDA:3,(anonymous_29)
FNDA:3,(anonymous_30)
FNDA:3,(anonymous_31)
FNDA:3,(anonymous_32)
FNDA:3,(anonymous_33)
FNDA:1,(anonymous_34)
DA:2,1
DA:3,1
DA:6,1
DA:7,2
DA:9,1
DA:17,1
DA:18,1
DA:29,1
DA:46,1
DA:66,0
DA:85,1
DA:86,1
DA:106,0
DA:107,0
DA:128,0
DA:129,0
DA:142,3
DA:157,3
DA:166,3
DA:170,3
DA:173,3
DA:185,3
DA:187,3
DA:203,3
DA:204,3
DA:205,3
DA:206,3
DA:213,3
DA:229,3
DA:234,3
DA:249,3
DA:254,3
DA:270,3
DA:278,1
DA:306,1
LF:35
LH:30
BRDA:18,0,0,1
BRDA:18,0,1,0
BRDA:148,1,0,1
BRDA:160,2,0,3
BRDA:160,2,1,0
BRDA:161,3,0,3
BRDA:161,3,1,0
BRDA:182,4,0,3
BRDA:182,4,1,0
BRDA:215,5,0,3
BRDA:215,5,1,0
BRDA:215,6,0,0
BRDA:215,6,1,3
BRDA:215,7,0,3
BRDA:215,7,1,3
BRDA:216,8,0,3
BRDA:216,8,1,0
BRDA:216,9,0,0
BRDA:216,9,1,3
BRDA:216,10,0,3
BRDA:216,10,1,3
BRDA:217,11,0,3
BRDA:217,11,1,1
BRDA:217,12,0,0
BRDA:217,12,1,3
BRDA:217,13,0,3
BRDA:217,13,1,3
BRDA:217,14,0,0
BRDA:217,14,1,3
BRDA:217,15,0,3
BRDA:217,15,1,3
BRDA:218,16,0,3
BRDA:218,16,1,0
BRDA:218,17,0,3
BRDA:218,17,1,3
BRDA:218,18,0,0
BRDA:218,18,1,3
BRDA:218,19,0,3
BRDA:218,19,1,3
BRDA:218,20,0,0
BRDA:218,20,1,3
BRDA:218,21,0,3
BRDA:218,21,1,3
BRDA:219,22,0,3
BRDA:219,22,1,0
BRDA:219,23,0,3
BRDA:219,23,1,3
BRDA:219,24,0,0
BRDA:219,24,1,3
BRDA:219,25,0,3
BRDA:219,25,1,3
BRDA:219,26,0,0
BRDA:219,26,1,3
BRDA:219,27,0,3
BRDA:219,27,1,3
BRDA:222,28,0,3
BRDA:222,28,1,0
BRDA:222,29,0,3
BRDA:222,29,1,3
BRDA:223,30,0,3
BRDA:223,30,1,0
BRDA:223,31,0,3
BRDA:223,31,1,3
BRDA:254,32,0,3
BRDA:254,32,1,0
BRDA:254,33,0,3
BRDA:254,33,1,0
BRDA:254,34,0,3
BRDA:254,34,1,0
BRDA:254,35,0,3
BRDA:254,35,1,3
BRDA:255,36,0,0
BRDA:255,36,1,0
BRDA:255,37,0,0
BRDA:255,37,1,0
BRDA:258,38,0,3
BRDA:258,38,1,0
BRDA:258,39,0,0
BRDA:258,39,1,3
BRDA:258,40,0,3
BRDA:258,40,1,3
BRDA:259,41,0,3
BRDA:259,41,1,0
BRDA:259,42,0,0
BRDA:259,42,1,3
BRDA:259,43,0,3
BRDA:259,43,1,3
BRDA:260,44,0,3
BRDA:260,44,1,1
BRDA:260,45,0,0
BRDA:260,45,1,3
BRDA:260,46,0,3
BRDA:260,46,1,3
BRDA:260,47,0,0
BRDA:260,47,1,3
BRDA:260,48,0,3
BRDA:260,48,1,3
BRDA:261,49,0,3
BRDA:261,49,1,0
BRDA:261,50,0,3
BRDA:261,50,1,3
BRDA:261,51,0,0
BRDA:261,51,1,3
BRDA:261,52,0,3
BRDA:261,52,1,3
BRDA:261,53,0,0
BRDA:261,53,1,3
BRDA:261,54,0,3
BRDA:261,54,1,3
BRDA:262,55,0,3
BRDA:262,55,1,0
BRDA:262,56,0,3
BRDA:262,56,1,3
BRDA:262,57,0,0
BRDA:262,57,1,3
BRDA:262,58,0,3
BRDA:262,58,1,3
BRDA:262,59,0,0
BRDA:262,59,1,3
BRDA:262,60,0,3
BRDA:262,60,1,3
BRDA:265,61,0,3
BRDA:265,61,1,0
BRDA:265,62,0,3
BRDA:265,62,1,3
BRDA:266,63,0,3
BRDA:266,63,1,0
BRDA:266,64,0,3
BRDA:266,64,1,3
BRF:129
BRH:90
end_of_record
TN:
SF:backend\ms-leaderboard\src\prisma\prisma.service.ts
FNF:0
FNH:0
DA:1,0
DA:3,0
DA:8,0
DA:16,0
DA:18,0
LF:5
LH:0
BRDA:8,0,0,0
BRDA:8,0,1,0
BRDA:8,1,0,0
BRDA:8,1,1,0
BRDA:11,2,0,0
BRDA:11,2,1,0
BRDA:16,3,0,0
BRF:7
BRH:0
end_of_record
TN:
SF:backend\ms-leaderboard\src\utils\error.utils.ts
FN:3,handleRpcError
FNF:1
FNH:0
FNDA:0,handleRpcError
DA:1,0
DA:3,0
DA:4,0
LF:3
LH:0
BRF:0
BRH:0
end_of_record
TN:
SF:backend\ms-users\src\admin\admin.service.ts
FN:7,(anonymous_13)
FN:7,(anonymous_14)
FN:67,(anonymous_15)
FN:108,(anonymous_16)
FN:108,(anonymous_17)
FNF:5
FNH:5
FNDA:2,(anonymous_13)
FNDA:2,(anonymous_14)
FNDA:1,(anonymous_15)
FNDA:5,(anonymous_16)
FNDA:5,(anonymous_17)
DA:1,1
DA:2,1
DA:3,1
DA:5,1
DA:6,2
DA:7,2
DA:16,2
DA:25,2
DA:65,2
DA:67,2
DA:68,1
DA:71,1
DA:76,1
DA:84,1
DA:97,2
DA:108,5
DA:123,5
DA:124,5
DA:125,5
DA:126,5
DA:127,1
DA:129,5
DA:131,2
DA:138,2
DA:140,1
DA:155,1
DA:157,1
DA:166,5
DA:167,1
DA:180,5
DA:191,5
LF:31
LH:31
BRDA:8,0,0,0
BRDA:9,1,0,0
BRDA:10,2,0,0
BRDA:16,3,0,1
BRDA:16,3,1,1
BRDA:71,4,0,1
BRDA:71,4,1,1
BRDA:71,4,2,1
BRDA:71,4,3,1
BRDA:76,5,0,1
BRDA:76,5,1,0
BRDA:90,6,0,1
BRDA:90,6,1,0
BRDA:90,7,0,1
BRDA:90,7,1,1
BRDA:90,8,0,0
BRDA:90,8,1,1
BRDA:90,9,0,1
BRDA:90,9,1,1
BRDA:91,10,0,1
BRDA:91,10,1,0
BRDA:91,11,0,1
BRDA:91,11,1,1
BRDA:91,12,0,0
BRDA:91,12,1,1
BRDA:91,13,0,1
BRDA:91,13,1,1
BRDA:92,14,0,1
BRDA:92,14,1,0
BRDA:92,15,0,1
BRDA:92,15,1,1
BRDA:92,16,0,0
BRDA:92,16,1,1
BRDA:92,17,0,1
BRDA:92,17,1,1
BRDA:93,18,0,1
BRDA:93,18,1,0
BRDA:93,19,0,1
BRDA:93,19,1,1
BRDA:93,20,0,0
BRDA:93,20,1,1
BRDA:93,21,0,1
BRDA:93,21,1,1
BRDA:124,22,0,1
BRDA:125,23,0,1
BRDA:126,24,0,1
BRDA:127,25,0,0
BRDA:127,25,1,1
BRDA:129,26,0,2
BRDA:138,27,0,1
BRDA:138,27,1,1
BRDA:147,28,0,0
BRDA:147,28,1,1
BRDA:147,29,0,1
BRDA:147,29,1,1
BRDA:155,30,0,1
BRDA:155,31,0,1
BRDA:155,31,1,1
BRDA:166,32,0,1
BRF:59
BRH:45
end_of_record
TN:
SF:backend\ms-users\src\auth\auth.service.ts
FN:18,(anonymous_14)
FN:25,(anonymous_15)
FN:40,(anonymous_17)
FN:44,(anonymous_19)
FN:73,(anonymous_21)
FN:91,(anonymous_23)
FN:123,(anonymous_25)
FN:146,(anonymous_27)
FN:186,(anonymous_29)
FN:211,(anonymous_31)
FNF:10
FNH:9
FNDA:11,(anonymous_14)
FNDA:1,(anonymous_15)
FNDA:0,(anonymous_17)
FNDA:1,(anonymous_19)
FNDA:2,(anonymous_21)
FNDA:2,(anonymous_23)
FNDA:1,(anonymous_25)
FNDA:1,(anonymous_27)
FNDA:1,(anonymous_29)
FNDA:2,(anonymous_31)
DA:1,1
DA:8,1
DA:9,1
DA:11,1
DA:14,1
DA:16,1
DA:17,2
DA:19,11
DA:20,11
DA:21,11
DA:22,11
DA:31,1
DA:41,0
DA:45,1
DA:46,0
DA:50,1
DA:53,1
DA:54,0
DA:56,1
DA:57,1
DA:61,1
DA:65,1
DA:67,0
DA:69,0
DA:70,0
DA:74,2
DA:75,0
DA:79,2
DA:83,2
DA:84,1
DA:87,1
DA:88,1
DA:99,2
DA:100,2
DA:102,2
DA:103,2
DA:104,0
DA:106,2
DA:107,1
DA:112,1
DA:113,1
DA:118,1
DA:120,0
DA:127,1
DA:128,1
DA:130,1
DA:131,1
DA:133,1
DA:138,1
DA:143,0
DA:150,1
DA:152,1
DA:153,0
DA:156,1
DA:157,1
DA:158,0
DA:161,1
DA:169,1
DA:170,1
DA:173,0
DA:178,0
DA:183,0
DA:187,1
DA:188,1
DA:189,0
DA:191,1
DA:193,1
DA:197,1
DA:205,1
DA:206,1
DA:208,0
DA:216,2
DA:221,2
DA:222,1
DA:225,1
DA:226,0
DA:231,1
DA:233,1
DA:238,1
DA:242,1
DA:244,0
LF:81
LH:62
BRDA:45,0,0,0
BRDA:45,1,0,1
BRDA:45,1,1,1
BRDA:53,2,0,0
BRDA:74,3,0,0
BRDA:74,4,0,2
BRDA:74,4,1,2
BRDA:83,5,0,1
BRDA:83,6,0,2
BRDA:83,6,1,1
BRDA:100,7,0,0
BRDA:103,8,0,0
BRDA:106,9,0,1
BRDA:128,10,0,0
BRDA:131,11,0,0
BRDA:152,12,0,0
BRDA:157,13,0,0
BRDA:169,14,0,1
BRDA:169,15,0,0
BRDA:169,15,1,1
BRDA:169,16,0,1
BRDA:169,16,1,1
BRDA:188,17,0,0
BRDA:221,18,0,1
BRDA:221,19,0,2
BRDA:221,19,1,2
BRDA:225,20,0,0
BRF:27
BRH:15
end_of_record
TN:
SF:backend\ms-users\src\avatar\avatar.service.ts
FN:14,(anonymous_13)
FN:16,(anonymous_14)
FN:27,(anonymous_16)
FN:28,(anonymous_17)
FN:29,(anonymous_18)
FN:30,(anonymous_19)
FN:35,(anonymous_20)
FN:40,(anonymous_21)
FN:45,(anonymous_22)
FN:50,(anonymous_23)
FN:55,(anonymous_24)
FN:70,(anonymous_25)
FN:111,(anonymous_27)
FN:190,(anonymous_29)
FN:199,(anonymous_31)
FN:212,(anonymous_32)
FN:248,(anonymous_34)
FN:259,(anonymous_35)
FN:275,(anonymous_36)
FN:365,(anonymous_38)
FN:380,(anonymous_40)
FN:395,(anonymous_42)
FN:422,(anonymous_44)
FN:448,(anonymous_45)
FNF:24
FNH:18
FNDA:13,(anonymous_13)
FNDA:1,(anonymous_14)
FNDA:4,(anonymous_16)
FNDA:4,(anonymous_17)
FNDA:4,(anonymous_18)
FNDA:4,(anonymous_19)
FNDA:1,(anonymous_20)
FNDA:0,(anonymous_21)
FNDA:1,(anonymous_22)
FNDA:0,(anonymous_23)
FNDA:1,(anonymous_24)
FNDA:2,(anonymous_25)
FNDA:2,(anonymous_27)
FNDA:1,(anonymous_29)
FNDA:6,(anonymous_31)
FNDA:0,(anonymous_32)
FNDA:2,(anonymous_34)
FNDA:2,(anonymous_35)
FNDA:0,(anonymous_36)
FNDA:1,(anonymous_38)
FNDA:1,(anonymous_40)
FNDA:0,(anonymous_42)
FNDA:0,(anonymous_44)
FNDA:3,(anonymous_45)
DA:1,1
DA:2,1
DA:3,1
DA:4,1
DA:6,1
DA:8,1
DA:10,1
DA:12,1
DA:13,2
DA:14,13
DA:17,1
DA:26,1
DA:27,4
DA:28,4
DA:29,4
DA:30,4
DA:35,1
DA:36,1
DA:37,0
DA:38,0
DA:40,1
DA:41,0
DA:42,0
DA:43,0
DA:45,1
DA:46,1
DA:47,1
DA:48,0
DA:50,1
DA:51,0
DA:52,0
DA:53,0
DA:55,1
DA:56,1
DA:57,0
DA:58,0
DA:61,1
DA:73,2
DA:77,2
DA:78,2
DA:79,2
DA:84,2
DA:94,2
DA:95,1
DA:100,1
DA:108,2
DA:115,2
DA:124,2
DA:126,2
DA:138,2
DA:140,2
DA:145,2
DA:152,2
DA:154,2
DA:163,2
DA:164,2
DA:165,1
DA:169,1
DA:170,1
DA:176,0
DA:177,0
DA:178,0
DA:182,0
DA:183,0
DA:191,1
DA:199,1
DA:200,6
DA:202,1
DA:216,0
DA:218,0
DA:228,0
DA:230,0
DA:232,0
DA:233,0
DA:240,0
DA:241,0
DA:242,0
DA:245,0
DA:246,0
DA:249,2
DA:251,2
DA:252,1
DA:257,1
DA:260,2
DA:261,2
DA:265,1
DA:285,0
DA:293,0
DA:296,0
DA:297,0
DA:302,0
DA:310,0
DA:311,0
DA:312,0
DA:317,0
DA:323,0
DA:328,0
DA:334,0
DA:338,0
DA:340,0
DA:343,0
DA:351,0
DA:360,0
DA:362,0
DA:366,1
DA:377,1
DA:381,1
DA:392,1
DA:403,0
DA:418,0
DA:419,0
DA:422,0
DA:424,0
DA:425,0
DA:428,0
DA:429,0
DA:431,0
DA:452,3
DA:453,3
DA:455,1
DA:457,2
DA:458,1
DA:459,1
DA:461,1
LF:124
LH:70
BRDA:36,0,0,1
BRDA:36,1,0,1
BRDA:36,1,1,1
BRDA:37,2,0,0
BRDA:37,3,0,0
BRDA:37,3,1,0
BRDA:41,4,0,0
BRDA:41,5,0,0
BRDA:41,5,1,0
BRDA:42,6,0,0
BRDA:42,7,0,0
BRDA:42,7,1,0
BRDA:46,8,0,0
BRDA:46,9,0,1
BRDA:46,9,1,0
BRDA:47,10,0,1
BRDA:47,11,0,1
BRDA:47,11,1,1
BRDA:51,12,0,0
BRDA:51,13,0,0
BRDA:51,13,1,0
BRDA:52,14,0,0
BRDA:52,15,0,0
BRDA:52,15,1,0
BRDA:56,16,0,1
BRDA:56,17,0,1
BRDA:56,17,1,1
BRDA:57,18,0,0
BRDA:57,19,0,0
BRDA:57,19,1,0
BRDA:73,20,0,0
BRDA:73,20,1,2
BRDA:89,21,0,0
BRDA:89,21,1,2
BRDA:89,22,0,2
BRDA:89,22,1,2
BRDA:91,23,0,0
BRDA:91,23,1,2
BRDA:91,24,0,2
BRDA:91,24,1,2
BRDA:94,25,0,1
BRDA:94,25,1,1
BRDA:94,26,0,0
BRDA:94,26,1,2
BRDA:94,27,0,2
BRDA:94,27,1,2
BRDA:124,28,0,0
BRDA:140,29,0,2
BRDA:140,29,1,0
BRDA:140,29,2,0
BRDA:140,29,3,0
BRDA:164,30,0,1
BRDA:169,31,0,1
BRDA:169,32,0,1
BRDA:169,32,1,1
BRDA:177,33,0,0
BRDA:182,34,0,0
BRDA:182,35,0,0
BRDA:182,35,1,0
BRDA:240,36,0,0
BRDA:249,37,0,2
BRDA:249,37,1,1
BRDA:251,38,0,1
BRDA:310,39,0,0
BRDA:310,40,0,0
BRDA:310,40,1,0
BRDA:334,41,0,0
BRDA:334,41,1,0
BRDA:345,42,0,0
BRDA:345,42,1,0
BRDA:346,43,0,0
BRDA:346,43,1,0
BRDA:407,44,0,0
BRDA:407,44,1,0
BRDA:413,45,0,0
BRDA:413,45,1,0
BRDA:418,46,0,0
BRDA:418,47,0,0
BRDA:418,47,1,0
BRDA:418,47,2,0
BRDA:418,47,3,0
BRDA:428,48,0,0
BRDA:428,48,1,0
BRDA:429,49,0,0
BRDA:429,49,1,0
BRDA:429,50,0,0
BRDA:429,50,1,0
BRDA:429,51,0,0
BRDA:429,51,1,0
BRDA:429,52,0,0
BRDA:429,52,1,0
BRDA:429,53,0,0
BRDA:429,53,1,0
BRDA:440,54,0,0
BRDA:440,54,1,0
BRDA:444,55,0,0
BRDA:444,55,1,0
BRDA:450,56,0,2
BRDA:457,57,0,1
BRF:99
BRH:32
end_of_record
TN:
SF:backend\ms-users\src\config\mail.config.ts
FN:2,(anonymous_0)
FNF:1
FNH:0
FNDA:0,(anonymous_0)
DA:2,0
LF:1
LH:0
BRDA:5,0,0,0
BRDA:5,0,1,0
BRDA:8,1,0,0
BRDA:8,1,1,0
BRF:4
BRH:0
end_of_record
TN:
SF:backend\ms-users\src\filters\global-rpc-exception.filter.ts
FN:25,(anonymous_7)
FN:51,(anonymous_8)
FNF:2
FNH:0
FNDA:0,(anonymous_7)
FNDA:0,(anonymous_8)
DA:1,0
DA:12,0
DA:13,0
DA:15,0
DA:22,0
DA:23,0
DA:35,0
DA:36,0
DA:38,0
DA:40,0
DA:43,0
DA:44,0
DA:46,0
DA:49,0
DA:50,0
DA:51,0
LF:16
LH:0
BRDA:38,0,0,0
BRDA:38,0,1,0
BRDA:45,1,0,0
BRDA:45,1,1,0
BRF:4
BRH:0
end_of_record
TN:
SF:backend\ms-users\src\filters\prisma-rpc-exception.filter.ts
FN:16,(anonymous_7)
FN:54,(anonymous_8)
FNF:2
FNH:0
FNDA:0,(anonymous_7)
FNDA:0,(anonymous_8)
DA:1,0
DA:8,0
DA:9,0
DA:10,0
DA:12,0
DA:13,0
DA:14,0
DA:20,0
DA:21,0
DA:23,0
DA:26,0
DA:28,0
DA:29,0
DA:31,0
DA:33,0
DA:34,0
DA:35,0
DA:37,0
DA:38,0
DA:39,0
DA:41,0
DA:42,0
DA:44,0
DA:46,0
DA:52,0
DA:53,0
DA:55,0
LF:27
LH:0
BRDA:26,0,0,0
BRDA:26,0,1,0
BRDA:31,1,0,0
BRDA:31,1,1,0
BRDA:31,1,2,0
BRDA:31,1,3,0
BRF:6
BRH:0
end_of_record
TN:
SF:backend\ms-users\src\mailer\email-template.ts
FN:1,generateEmailTemplate
FNF:1
FNH:0
FNDA:0,generateEmailTemplate
DA:1,1
DA:14,0
LF:2
LH:1
BRDA:6,0,0,0
BRDA:97,1,0,0
BRDA:97,1,1,0
BRDA:97,2,0,0
BRDA:97,2,1,0
BRF:5
BRH:0
end_of_record
TN:
SF:backend\ms-users\src\mailer\mailer.service.ts
FN:21,(anonymous_13)
FN:32,(anonymous_14)
FN:40,(anonymous_15)
FN:45,(anonymous_17)
FN:50,(anonymous_19)
FN:55,(anonymous_21)
FN:60,(anonymous_23)
FN:66,(anonymous_25)
FN:74,(anonymous_27)
FN:82,(anonymous_29)
FN:90,(anonymous_31)
FN:98,(anonymous_33)
FNF:12
FNH:12
FNDA:10,(anonymous_13)
FNDA:10,(anonymous_14)
FNDA:1,(anonymous_15)
FNDA:2,(anonymous_17)
FNDA:1,(anonymous_19)
FNDA:1,(anonymous_21)
FNDA:1,(anonymous_23)
FNDA:1,(anonymous_25)
FNDA:1,(anonymous_27)
FNDA:1,(anonymous_29)
FNDA:1,(anonymous_31)
FNDA:10,(anonymous_33)
DA:2,2
DA:3,2
DA:4,2
DA:5,2
DA:17,2
DA:18,4
DA:21,10
DA:22,10
DA:33,10
DA:41,1
DA:42,1
DA:46,2
DA:47,2
DA:51,1
DA:52,1
DA:56,1
DA:57,1
DA:61,1
DA:62,1
DA:67,1
DA:75,1
DA:83,1
DA:91,1
DA:99,10
LF:24
LH:24
BRF:0
BRH:0
end_of_record
TN:
SF:backend\ms-users\src\mailer\templates.ts
FN:3,emailWelcome
FN:13,emailPasswordChanged
FN:24,emailEmailChanged
FN:35,emailAccountDeleted
FN:44,emailResetPassword
FN:57,emailVipSubscribed
FN:69,emailVipCancelled
FN:81,emailVipReactivated
FN:91,emailVipExpired
FNF:9
FNH:0
FNDA:0,emailWelcome
FNDA:0,emailPasswordChanged
FNDA:0,emailEmailChanged
FNDA:0,emailAccountDeleted
FNDA:0,emailResetPassword
FNDA:0,emailVipSubscribed
FNDA:0,emailVipCancelled
FNDA:0,emailVipReactivated
FNDA:0,emailVipExpired
DA:1,1
DA:3,1
DA:4,0
DA:13,1
DA:14,0
DA:24,1
DA:25,0
DA:35,1
DA:36,0
DA:44,1
DA:45,0
DA:46,0
DA:57,1
DA:58,0
DA:69,1
DA:70,0
DA:81,1
DA:82,0
DA:91,1
DA:92,0
LF:20
LH:10
BRF:0
BRH:0
end_of_record
TN:
SF:backend\ms-users\src\prisma\prisma.service.ts
FNF:0
FNH:0
DA:1,0
DA:3,0
DA:8,0
DA:16,0
DA:18,0
LF:5
LH:0
BRDA:8,0,0,0
BRDA:8,0,1,0
BRDA:8,1,0,0
BRDA:8,1,1,0
BRDA:11,2,0,0
BRDA:11,2,1,0
BRDA:16,3,0,0
BRF:7
BRH:0
end_of_record
TN:
SF:backend\ms-users\src\profile\profile.service.ts
FN:11,(anonymous_14)
FN:151,(anonymous_16)
FN:194,(anonymous_17)
FN:227,(anonymous_18)
FN:262,(anonymous_19)
FNF:5
FNH:4
FNDA:3,(anonymous_14)
FNDA:0,(anonymous_16)
FNDA:1,(anonymous_17)
FNDA:1,(anonymous_18)
FNDA:2,(anonymous_19)
DA:1,1
DA:7,1
DA:9,1
DA:10,2
DA:12,3
DA:98,3
DA:99,1
DA:103,2
DA:116,2
DA:118,2
DA:136,2
DA:148,2
DA:151,0
DA:155,2
DA:160,2
DA:172,2
DA:173,2
DA:174,1
DA:187,2
DA:194,1
DA:227,1
DA:263,2
DA:267,2
DA:268,1
DA:271,1
DA:276,1
DA:277,1
LF:27
LH:26
BRDA:98,0,0,1
BRDA:118,1,0,1
BRDA:118,1,1,1
BRDA:118,2,0,2
BRDA:118,2,1,1
BRDA:118,2,2,1
BRDA:123,3,0,1
BRDA:123,3,1,1
BRDA:123,3,2,1
BRDA:148,4,0,2
BRDA:148,4,1,0
BRDA:173,5,0,1
BRDA:196,6,0,1
BRDA:196,6,1,0
BRDA:196,7,0,1
BRDA:196,7,1,1
BRDA:196,8,0,0
BRDA:196,8,1,1
BRDA:196,9,0,1
BRDA:196,9,1,1
BRDA:201,10,0,2
BRDA:201,10,1,1
BRDA:201,10,2,1
BRDA:213,11,0,2
BRDA:213,11,1,1
BRDA:213,11,2,1
BRDA:221,12,0,2
BRDA:221,12,1,1
BRDA:221,13,0,1
BRDA:221,13,1,1
BRDA:221,14,0,2
BRDA:221,14,1,1
BRDA:222,15,0,2
BRDA:222,15,1,1
BRDA:222,16,0,1
BRDA:222,16,1,1
BRDA:222,17,0,2
BRDA:222,17,1,1
BRDA:223,18,0,2
BRDA:223,18,1,1
BRDA:223,19,0,1
BRDA:223,19,1,1
BRDA:223,20,0,2
BRDA:223,20,1,1
BRDA:224,21,0,2
BRDA:224,21,1,1
BRDA:224,22,0,1
BRDA:224,22,1,1
BRDA:224,23,0,2
BRDA:224,23,1,1
BRDA:226,24,0,2
BRDA:226,24,1,1
BRDA:231,25,0,1
BRDA:231,25,1,0
BRDA:232,26,0,1
BRDA:232,26,1,0
BRDA:234,27,0,1
BRDA:234,27,1,0
BRDA:240,28,0,1
BRDA:240,28,1,0
BRDA:240,29,0,0
BRDA:240,29,1,1
BRDA:240,30,0,1
BRDA:240,30,1,1
BRDA:246,31,0,1
BRDA:246,31,1,0
BRDA:246,32,0,0
BRDA:246,32,1,1
BRDA:246,33,0,1
BRDA:246,33,1,1
BRDA:251,34,0,1
BRDA:251,34,1,0
BRDA:267,35,0,1
BRDA:267,36,0,2
BRDA:267,36,1,1
BRF:75
BRH:64
end_of_record
TN:
SF:backend\ms-users\src\supabase\supabase.service.ts
FN:10,(anonymous_6)
FN:22,(anonymous_7)
FNF:2
FNH:0
FNDA:0,(anonymous_6)
FNDA:0,(anonymous_7)
DA:2,0
DA:4,0
DA:6,0
DA:7,0
DA:10,0
DA:11,0
DA:12,0
DA:14,0
DA:15,0
DA:17,0
DA:19,0
DA:23,0
LF:12
LH:0
BRDA:17,0,0,0
BRDA:17,1,0,0
BRDA:17,1,1,0
BRF:3
BRH:0
end_of_record
TN:
SF:backend\ms-users\src\user-events\user-events.service.ts
FN:6,(anonymous_13)
FN:8,(anonymous_14)
FN:54,(anonymous_16)
FNF:3
FNH:3
FNDA:4,(anonymous_13)
FNDA:3,(anonymous_14)
FNDA:1,(anonymous_16)
DA:1,3
DA:2,3
DA:4,3
DA:5,6
DA:17,3
DA:18,1
DA:22,2
DA:26,2
DA:27,1
DA:31,1
DA:35,1
DA:36,1
DA:37,1
DA:38,1
DA:39,1
DA:40,1
DA:44,1
DA:48,1
DA:49,0
DA:51,1
DA:55,1
LF:21
LH:20
BRDA:17,0,0,1
BRDA:17,1,0,3
BRDA:17,1,1,2
BRDA:26,2,0,1
BRDA:35,3,0,1
BRDA:36,4,0,1
BRDA:37,5,0,1
BRDA:38,6,0,1
BRDA:39,7,0,1
BRDA:48,8,0,0
BRF:10
BRH:9
end_of_record
TN:
SF:backend\ms-users\src\user-game\user-game.service.ts
FN:8,(anonymous_13)
FN:11,(anonymous_14)
FN:65,(anonymous_16)
FN:107,(anonymous_18)
FN:183,(anonymous_20)
FN:204,(anonymous_22)
FN:221,(anonymous_24)
FN:250,(anonymous_26)
FN:279,(anonymous_28)
FNF:9
FNH:9
FNDA:20,(anonymous_13)
FNDA:2,(anonymous_14)
FNDA:5,(anonymous_16)
FNDA:7,(anonymous_18)
FNDA:2,(anonymous_20)
FNDA:2,(anonymous_22)
FNDA:3,(anonymous_24)
FNDA:2,(anonymous_26)
FNDA:5,(anonymous_28)
DA:1,1
DA:2,1
DA:4,1
DA:6,1
DA:7,2
DA:8,20
DA:20,2
DA:21,2
DA:22,2
DA:24,1
DA:30,1
DA:38,1
DA:46,1
DA:49,1
DA:53,1
DA:56,1
DA:59,0
DA:61,0
DA:71,5
DA:72,5
DA:73,5
DA:76,5
DA:78,5
DA:82,5
DA:83,3
DA:84,2
DA:86,1
DA:92,5
DA:93,1
DA:94,1
DA:96,0
DA:103,5
DA:114,7
DA:117,7
DA:119,7
DA:122,7
DA:125,7
DA:127,7
DA:131,7
DA:132,5
DA:137,5
DA:143,5
DA:148,5
DA:149,2
DA:150,3
DA:151,2
DA:157,1
DA:159,1
DA:163,2
DA:166,7
DA:170,7
DA:171,7
DA:172,7
DA:175,7
DA:176,2
DA:179,7
DA:191,2
DA:210,2
DA:226,3
DA:227,3
DA:231,3
DA:232,2
DA:242,0
DA:255,2
DA:256,1
DA:265,1
DA:266,1
DA:283,5
DA:284,5
DA:285,5
DA:286,5
DA:288,5
DA:289,15
DA:290,15
DA:291,15
DA:294,5
LF:76
LH:72
BRDA:20,0,0,0
BRDA:22,1,0,1
BRDA:32,2,0,1
BRDA:32,2,1,0
BRDA:78,3,0,5
BRDA:78,3,1,4
BRDA:78,3,2,4
BRDA:82,4,0,3
BRDA:82,5,0,5
BRDA:82,5,1,4
BRDA:83,6,0,2
BRDA:83,6,1,1
BRDA:92,7,0,1
BRDA:92,8,0,5
BRDA:92,8,1,4
BRDA:93,9,0,1
BRDA:93,9,1,0
BRDA:117,10,0,0
BRDA:122,11,0,5
BRDA:122,11,1,2
BRDA:131,12,0,5
BRDA:131,12,1,2
BRDA:148,13,0,2
BRDA:148,13,1,3
BRDA:148,14,0,5
BRDA:148,14,1,2
BRDA:148,14,2,2
BRDA:150,15,0,2
BRDA:151,16,0,1
BRDA:151,16,1,1
BRDA:152,17,0,2
BRDA:152,17,1,1
BRDA:152,17,2,1
BRDA:175,18,0,2
BRDA:231,19,0,2
BRDA:255,20,0,1
BRDA:255,20,1,1
BRDA:265,21,0,1
BRF:38
BRH:34
end_of_record
TN:
SF:backend\ms-users\src\users\users.service.ts
FN:5,(anonymous_7)
FN:116,(anonymous_9)
FN:163,(anonymous_10)
FN:198,(anonymous_11)
FN:211,(anonymous_13)
FN:237,(anonymous_15)
FNF:6
FNH:5
FNDA:6,(anonymous_7)
FNDA:0,(anonymous_9)
FNDA:1,(anonymous_10)
FNDA:1,(anonymous_11)
FNDA:3,(anonymous_13)
FNDA:1,(anonymous_15)
DA:1,1
DA:2,1
DA:4,1
DA:6,6
DA:7,1
DA:10,5
DA:81,5
DA:82,1
DA:86,4
DA:95,4
DA:96,4
DA:97,3
DA:98,1
DA:99,2
DA:103,1
DA:104,1
DA:108,1
DA:113,4
DA:116,0
DA:120,4
DA:125,4
DA:137,4
DA:138,4
DA:139,1
DA:152,4
DA:163,1
DA:199,1
DA:212,3
DA:213,1
DA:216,2
DA:236,2
DA:237,1
LF:32
LH:31
BRDA:6,0,0,1
BRDA:6,1,0,6
BRDA:6,1,1,5
BRDA:81,2,0,1
BRDA:96,3,0,3
BRDA:97,4,0,1
BRDA:97,4,1,2
BRDA:99,5,0,1
BRDA:99,5,1,1
BRDA:100,6,0,2
BRDA:100,6,1,1
BRDA:104,7,0,1
BRDA:105,8,0,1
BRDA:105,8,1,1
BRDA:113,9,0,4
BRDA:113,9,1,0
BRDA:138,10,0,1
BRDA:156,11,0,4
BRDA:156,11,1,3
BRDA:156,12,0,3
BRDA:156,12,1,1
BRDA:156,13,0,4
BRDA:156,13,1,1
BRDA:157,14,0,4
BRDA:157,14,1,3
BRDA:157,15,0,3
BRDA:157,15,1,1
BRDA:157,16,0,4
BRDA:157,16,1,1
BRDA:158,17,0,4
BRDA:158,17,1,3
BRDA:158,18,0,3
BRDA:158,18,1,1
BRDA:158,19,0,4
BRDA:158,19,1,1
BRDA:159,20,0,4
BRDA:159,20,1,3
BRDA:159,21,0,3
BRDA:159,21,1,1
BRDA:159,22,0,4
BRDA:159,22,1,1
BRDA:162,23,0,4
BRDA:162,23,1,3
BRDA:167,24,0,1
BRDA:167,24,1,0
BRDA:168,25,0,1
BRDA:168,25,1,0
BRDA:170,26,0,1
BRDA:170,26,1,0
BRDA:176,27,0,1
BRDA:176,27,1,0
BRDA:176,28,0,0
BRDA:176,28,1,1
BRDA:176,29,0,1
BRDA:176,29,1,1
BRDA:182,30,0,1
BRDA:182,30,1,0
BRDA:182,31,0,0
BRDA:182,31,1,1
BRDA:182,32,0,1
BRDA:182,32,1,1
BRDA:187,33,0,1
BRDA:187,33,1,0
BRDA:212,34,0,1
BRDA:236,35,0,1
BRDA:236,35,1,1
BRDA:240,36,0,1
BRDA:240,36,1,0
BRDA:240,37,0,0
BRDA:240,37,1,1
BRDA:240,38,0,1
BRDA:240,38,1,1
BRDA:241,39,0,1
BRDA:241,39,1,0
BRDA:241,40,0,0
BRDA:241,40,1,1
BRDA:241,41,0,1
BRDA:241,41,1,1
BRF:78
BRH:65
end_of_record
TN:
SF:backend\ms-users\src\utils\error.utils.ts
FN:3,handleRpcError
FNF:1
FNH:0
FNDA:0,handleRpcError
DA:1,0
DA:3,0
DA:4,0
LF:3
LH:0
BRF:0
BRH:0
end_of_record
TN:
SF:backend\ms-users\src\vip\vip.service.ts
FN:15,(anonymous_13)
FN:22,(anonymous_14)
FN:50,(anonymous_16)
FN:204,(anonymous_18)
FN:226,(anonymous_20)
FN:260,(anonymous_22)
FNF:6
FNH:6
FNDA:10,(anonymous_13)
FNDA:2,(anonymous_14)
FNDA:3,(anonymous_16)
FNDA:2,(anonymous_18)
FNDA:2,(anonymous_20)
FNDA:1,(anonymous_22)
DA:1,2
DA:3,2
DA:4,2
DA:5,2
DA:6,2
DA:7,2
DA:10,2
DA:11,4
DA:13,10
DA:16,10
DA:17,10
DA:19,10
DA:23,2
DA:24,1
DA:29,1
DA:33,1
DA:44,1
DA:47,1
DA:51,3
DA:53,3
DA:54,1
DA:55,1
DA:56,1
DA:57,1
DA:58,1
DA:59,1
DA:61,1
DA:65,1
DA:66,0
DA:69,0
DA:72,1
DA:75,1
DA:77,1
DA:83,1
DA:97,1
DA:100,1
DA:101,1
DA:108,0
DA:109,0
DA:113,3
DA:114,1
DA:115,1
DA:116,1
DA:118,1
DA:123,1
DA:124,0
DA:125,1
DA:126,1
DA:127,0
DA:128,0
DA:129,0
DA:130,0
DA:132,0
DA:135,1
DA:143,1
DA:151,1
DA:156,1
DA:157,1
DA:158,1
DA:163,0
DA:164,0
DA:172,3
DA:173,1
DA:175,1
DA:179,1
DA:187,1
DA:192,1
DA:193,1
DA:201,3
DA:205,2
DA:209,2
DA:210,1
DA:216,1
DA:220,1
DA:227,2
DA:229,2
DA:239,2
DA:240,1
DA:245,1
DA:249,1
DA:250,1
DA:251,1
DA:257,1
DA:265,1
DA:273,1
DA:278,1
LF:86
LH:74
BRDA:23,0,0,1
BRDA:53,1,0,1
BRDA:58,2,0,0
BRDA:58,2,1,1
BRDA:58,3,0,1
BRDA:58,3,1,1
BRDA:59,4,0,0
BRDA:59,4,1,1
BRDA:59,5,0,1
BRDA:59,5,1,1
BRDA:65,6,0,0
BRDA:75,7,0,0
BRDA:75,7,1,1
BRDA:75,8,0,1
BRDA:75,8,1,1
BRDA:75,9,0,0
BRDA:75,9,1,1
BRDA:75,10,0,1
BRDA:75,10,1,1
BRDA:77,11,0,1
BRDA:77,11,1,0
BRDA:77,12,0,0
BRDA:77,12,1,1
BRDA:77,13,0,1
BRDA:77,13,1,1
BRDA:79,14,0,0
BRDA:79,14,1,0
BRDA:89,15,0,0
BRDA:89,15,1,1
BRDA:100,16,0,1
BRDA:113,17,0,1
BRDA:115,18,0,0
BRDA:115,18,1,1
BRDA:115,19,0,1
BRDA:115,19,1,1
BRDA:115,20,0,0
BRDA:115,20,1,1
BRDA:115,21,0,1
BRDA:115,21,1,1
BRDA:118,22,0,1
BRDA:118,22,1,0
BRDA:118,23,0,0
BRDA:118,23,1,1
BRDA:118,24,0,1
BRDA:118,24,1,1
BRDA:123,25,0,0
BRDA:123,25,1,1
BRDA:123,26,0,1
BRDA:123,26,1,1
BRDA:123,26,2,1
BRDA:125,27,0,1
BRDA:125,27,1,0
BRDA:127,28,0,0
BRDA:127,28,1,0
BRDA:129,29,0,0
BRDA:129,29,1,0
BRDA:139,30,0,1
BRDA:139,30,1,0
BRDA:139,31,0,1
BRDA:139,31,1,1
BRDA:139,32,0,0
BRDA:139,32,1,1
BRDA:139,33,0,1
BRDA:139,33,1,1
BRDA:147,34,0,1
BRDA:147,34,1,0
BRDA:156,35,0,1
BRDA:156,36,0,1
BRDA:156,36,1,1
BRDA:157,37,0,1
BRDA:157,37,1,0
BRDA:157,38,0,1
BRDA:157,38,1,1
BRDA:157,39,0,1
BRDA:157,39,1,0
BRDA:157,40,0,1
BRDA:157,40,1,1
BRDA:163,41,0,0
BRDA:172,42,0,1
BRDA:192,43,0,1
BRDA:192,44,0,1
BRDA:192,44,1,1
BRDA:209,45,0,1
BRDA:209,46,0,2
BRDA:209,46,1,1
BRDA:239,47,0,1
BRDA:239,48,0,1
BRDA:239,48,1,1
BRDA:239,49,0,2
BRDA:239,49,1,1
BRDA:250,50,0,1
BRDA:267,51,0,1
BRDA:267,51,1,0
BRDA:268,52,0,1
BRDA:268,52,1,0
BRF:95
BRH:67
end_of_record
